 Fermi distribution function

Calculation with static geometry


********************************************************************************
 iSCC Total electronic   Diff electronic      SCC error    
    8   -0.21164538E+02   -0.23625901E-09    0.31620835E-06
********************************************************************************

 Total charge:    -0.00000000

 Atomic gross charges (e)
 Atom           Charge
    1       0.93941416
    2       0.93941450
    3       0.90859275
    4       0.90859275
    5      -0.61600234
    6      -0.61600239
    7      -0.61600296
    8      -0.61600175
    9      -0.61600224
   10      -0.61600248

Nr. of electrons (up):     52.00000000
Atom populations (up)
 Atom       Population
    1       0.06058584
    2       0.06058550
    3       3.09140725
    4       3.09140725
    5       7.61600234
    6       7.61600239
    7       7.61600296
    8       7.61600175
    9       7.61600224
   10       7.61600248

l-shell populations (up)
 Atom Sh.   l       Population
    1   1   0       0.06058584
    2   1   0       0.06058550
    3   1   0       1.99146976
    3   2   1       1.09993749
    4   1   0       1.99146977
    4   2   1       1.09993748
    5   1   0       1.99034230
    5   2   1       5.62566005
    6   1   0       1.99034231
    6   2   1       5.62566008
    7   1   0       1.99034232
    7   2   1       5.62566063
    8   1   0       1.99034225
    8   2   1       5.62565950
    9   1   0       1.99034228
    9   2   1       5.62565996
   10   1   0       1.99034229
   10   2   1       5.62566019

Orbital populations (up)
 Atom Sh.   l   m       Population  Label
    1   1   0   0       0.06058584  s
    2   1   0   0       0.06058550  s
    3   1   0   0       1.99146976  s
    3   2   1  -1       0.36664570  p_y
    3   2   1   0       0.36664591  p_z
    3   2   1   1       0.36664588  p_x
    4   1   0   0       1.99146977  s
    4   2   1  -1       0.36664563  p_y
    4   2   1   0       0.36664593  p_z
    4   2   1   1       0.36664592  p_x
    5   1   0   0       1.99034230  s
    5   2   1  -1       1.67892329  p_y
    5   2   1   0       1.97336854  p_z
    5   2   1   1       1.97336822  p_x
    6   1   0   0       1.99034231  s
    6   2   1  -1       1.67892424  p_y
    6   2   1   0       1.97336783  p_z
    6   2   1   1       1.97336801  p_x
    7   1   0   0       1.99034232  s
    7   2   1  -1       1.97336818  p_y
    7   2   1   0       1.67892389  p_z
    7   2   1   1       1.97336857  p_x
    8   1   0   0       1.99034225  s
    8   2   1  -1       1.97336828  p_y
    8   2   1   0       1.67892290  p_z
    8   2   1   1       1.97336832  p_x
    9   1   0   0       1.99034228  s
    9   2   1  -1       1.97336843  p_y
    9   2   1   0       1.97336812  p_z
    9   2   1   1       1.67892341  p_x
   10   1   0   0       1.99034229  s
   10   2   1  -1       1.97336847  p_y
   10   2   1   0       1.97336836  p_z
   10   2   1   1       1.67892335  p_x

Fermi level:                        -0.0016569111 H           -0.0451 eV
Band energy:                       -13.4121239406 H         -364.9625 eV
TS:                                  0.0000000000 H            0.0000 eV
Band free energy (E-TS):           -13.4121239406 H         -364.9625 eV
Extrapolated E(0K):                -13.4121239406 H         -364.9625 eV
Input / Output electrons (q):     52.0000000000     52.0000000000

Energy H0:                         -21.2379892538 H         -577.9151 eV
Energy SCC:                          0.0734512609 H            1.9987 eV
Total Electronic energy:           -21.1645379929 H         -575.9164 eV
Repulsive energy:                    0.0000000000 H            0.0000 eV
Total energy:                      -21.1645379929 H         -575.9164 eV
Extrapolated to 0:                 -21.1645379929 H         -575.9164 eV
Total Mermin free energy:          -21.1645379929 H         -575.9164 eV
Force related energy:              -21.1645379929 H         -575.9164 eV

SCC converged


