|===============================================================================
|
|  DFTB+ release 21.1
|
|  Copyright (C) 2006 - 2021  DFTB+ developers group
|
|===============================================================================
|
|  When publishing results obtained with DFTB+, please cite the following
|  reference:
|
|  * DFTB+, a software package for efficient approximate density functional
|    theory based atomistic simulations, J. Chem. Phys. 152, 124101 (2020).
|    [doi: 10.1063/1.5143190]
|
|  You should also cite additional publications crediting the parametrization
|  data you use. Please consult the documentation of the SK-files for the
|  references.
|
|===============================================================================

Reading input file 'dftb_in.hsd'
Parser version: 9

--------------------------------------------------------------------------------
Reading SK-files:
Done.


Processed input in HSD format written to 'dftb_pin.hsd'

Starting initialization...
--------------------------------------------------------------------------------
OpenMP threads:              8
Chosen random seed:          2135291536
Mode:                        Static calculation
Self consistent charges:     Yes
SCC-tolerance:                 0.100000E-05
Max. scc iterations:                   1500
Shell resolved Hubbard:      Yes
Spin polarisation:           No
Nr. of up electrons:            26.000000
Nr. of down electrons:          26.000000
Periodic boundaries:         Yes
Electronic solver:           Relatively robust
Mixer:                       Broyden mixer
Mixing parameter:                  0.200000
Maximal SCC-cycles:                    1500
Nr. of chrg. vec. in memory:              0
Electronic temperature:        0.100000E-07 H      0.272114E-06 eV
Initial charges:             Set automatically (system chrg:   0.000E+00)
Included shells:            Cs:  s
                            Pb:  s, p
                            Br:  s, p
K-points and weights:           1:  0.000000  0.000000  0.000000     0.037037
                                2:  0.000000  0.000000  0.333333     0.074074
                                3:  0.000000  0.333333  0.000000     0.074074
                                4:  0.000000  0.333333  0.333333     0.074074
                                5:  0.000000  0.333333  0.666667     0.074074
                                6:  0.333333  0.000000  0.000000     0.074074
                                7:  0.333333  0.000000  0.333333     0.074074
                                8:  0.333333  0.000000  0.666667     0.074074
                                9:  0.333333  0.333333  0.000000     0.074074
                               10:  0.333333  0.333333  0.333333     0.074074
                               11:  0.333333  0.333333  0.666667     0.074074
                               12:  0.333333  0.666667  0.000000     0.074074
                               13:  0.333333  0.666667  0.333333     0.074074
                               14:  0.333333  0.666667  0.666667     0.074074

K-points in absolute space:     1:  0.000000  0.000000  0.000000
                                2: -0.015027  0.014539 -0.015027
                                3:  0.014539 -0.015027 -0.015027
                                4: -0.000488 -0.000488 -0.030055
                                5: -0.015515  0.014051 -0.045082
                                6:  0.015515  0.015515  0.015515
                                7:  0.000488  0.030055  0.000488
                                8: -0.014539  0.044594 -0.014539
                                9:  0.030055  0.000488  0.000488
                               10:  0.015027  0.015027 -0.014539
                               11: -0.000000  0.029566 -0.029566
                               12:  0.044594 -0.014539 -0.014539
                               13:  0.029566 -0.000000 -0.029566
                               14:  0.014539  0.014539 -0.044594

Extra options:
                             Mulliken analysis

--------------------------------------------------------------------------------

***  Geometry step: 0

 iSCC Total electronic   Diff electronic      SCC error    
    1    0.00000000E+00    0.00000000E+00    0.12015157E+01
    2   -0.21148414E+02   -0.21148414E+02    0.89662525E+00
    3   -0.21154782E+02   -0.63675637E-02    0.12715436E+00
    4   -0.21164468E+02   -0.96858005E-02    0.87680103E-01
    5   -0.21164446E+02    0.21325225E-04    0.78107990E-02
    6   -0.21164537E+02   -0.91143977E-04    0.11729317E-03
    7   -0.21164538E+02   -0.50832297E-06    0.64327282E-04
    8   -0.21164538E+02   -0.23625901E-09    0.31620835E-06
>> Charges saved for restart in charges.bin

Total Energy:                      -21.1645379929 H         -575.9164 eV
Extrapolated to 0K:                -21.1645379929 H         -575.9164 eV
Total Mermin free energy:          -21.1645379929 H         -575.9164 eV
Force related energy:              -21.1645379929 H         -575.9164 eV


--------------------------------------------------------------------------------
DFTB+ running times                          cpu [s]             wall clock [s]
--------------------------------------------------------------------------------
Pre-SCC initialisation                 +     0.08  (  7.8%)      0.01  (  9.5%)
SCC                                    +     0.88  ( 91.1%)      0.13  ( 88.5%)
--------------------------------------------------------------------------------
Missing                                +     0.01  (  1.0%)      0.00  (  2.0%)
Total                                  =     0.97  (100.0%)      0.15  (100.0%)
--------------------------------------------------------------------------------
