 KPT            1  SPIN            1  KWEIGHT    3.7037037037037035E-002
     1   -15.895  2.00000
     2   -15.765  2.00000
     3   -15.765  2.00000
     4   -15.739  2.00000
     5   -15.660  2.00000
     6   -15.660  2.00000
     7    -9.876  2.00000
     8    -8.825  2.00000
     9    -5.119  2.00000
    10    -5.119  2.00000
    11    -4.943  2.00000
    12    -3.852  2.00000
    13    -3.733  2.00000
    14    -3.733  2.00000
    15    -3.724  2.00000
    16    -3.659  2.00000
    17    -3.659  2.00000
    18    -3.649  2.00000
    19    -3.649  2.00000
    20    -3.605  2.00000
    21    -3.605  2.00000
    22    -3.600  2.00000
    23    -3.587  2.00000
    24    -3.551  2.00000
    25    -3.551  2.00000
    26    -2.379  2.00000
    27    -0.045  0.00000
    28    -0.026  0.00000
    29    -0.026  0.00000
    30     1.279  0.00000
    31     1.312  0.00000
    32     1.738  0.00000
    33     2.006  0.00000
    34     2.006  0.00000

 KPT            2  SPIN            1  KWEIGHT    7.4074074074074070E-002
     1   -15.861  2.00000
     2   -15.795  2.00000
     3   -15.741  2.00000
     4   -15.721  2.00000
     5   -15.689  2.00000
     6   -15.680  2.00000
     7    -9.658  2.00000
     8    -9.146  2.00000
     9    -4.832  2.00000
    10    -4.721  2.00000
    11    -4.560  2.00000
    12    -4.136  2.00000
    13    -4.105  2.00000
    14    -3.891  2.00000
    15    -3.719  2.00000
    16    -3.705  2.00000
    17    -3.699  2.00000
    18    -3.686  2.00000
    19    -3.669  2.00000
    20    -3.647  2.00000
    21    -3.638  2.00000
    22    -3.599  2.00000
    23    -3.586  2.00000
    24    -3.571  2.00000
    25    -3.505  2.00000
    26    -3.079  2.00000
    27     0.493  0.00000
    28     0.586  0.00000
    29     0.682  0.00000
    30     1.318  0.00000
    31     1.334  0.00000
    32     1.361  0.00000
    33     1.580  0.00000
    34     1.631  0.00000

 KPT            3  SPIN            1  KWEIGHT    7.4074074074074070E-002
     1   -15.861  2.00000
     2   -15.795  2.00000
     3   -15.741  2.00000
     4   -15.721  2.00000
     5   -15.689  2.00000
     6   -15.680  2.00000
     7    -9.658  2.00000
     8    -9.146  2.00000
     9    -4.832  2.00000
    10    -4.721  2.00000
    11    -4.560  2.00000
    12    -4.136  2.00000
    13    -4.105  2.00000
    14    -3.891  2.00000
    15    -3.719  2.00000
    16    -3.705  2.00000
    17    -3.699  2.00000
    18    -3.686  2.00000
    19    -3.669  2.00000
    20    -3.647  2.00000
    21    -3.638  2.00000
    22    -3.599  2.00000
    23    -3.586  2.00000
    24    -3.571  2.00000
    25    -3.505  2.00000
    26    -3.079  2.00000
    27     0.493  0.00000
    28     0.586  0.00000
    29     0.682  0.00000
    30     1.318  0.00000
    31     1.334  0.00000
    32     1.361  0.00000
    33     1.580  0.00000
    34     1.631  0.00000

 KPT            4  SPIN            1  KWEIGHT    7.4074074074074070E-002
     1   -15.848  2.00000
     2   -15.767  2.00000
     3   -15.752  2.00000
     4   -15.739  2.00000
     5   -15.722  2.00000
     6   -15.661  2.00000
     7    -9.645  2.00000
     8    -9.126  2.00000
     9    -5.087  2.00000
    10    -4.972  2.00000
    11    -4.666  2.00000
    12    -4.060  2.00000
    13    -3.860  2.00000
    14    -3.812  2.00000
    15    -3.761  2.00000
    16    -3.681  2.00000
    17    -3.670  2.00000
    18    -3.652  2.00000
    19    -3.650  2.00000
    20    -3.640  2.00000
    21    -3.616  2.00000
    22    -3.614  2.00000
    23    -3.603  2.00000
    24    -3.560  2.00000
    25    -3.405  2.00000
    26    -2.706  2.00000
    27     0.014  0.00000
    28     0.023  0.00000
    29     0.661  0.00000
    30     1.341  0.00000
    31     1.353  0.00000
    32     1.460  0.00000
    33     1.807  0.00000
    34     1.974  0.00000

 KPT            5  SPIN            1  KWEIGHT    7.4074074074074070E-002
     1   -15.816  2.00000
     2   -15.802  2.00000
     3   -15.760  2.00000
     4   -15.726  2.00000
     5   -15.702  2.00000
     6   -15.682  2.00000
     7    -9.403  2.00000
     8    -9.402  2.00000
     9    -4.999  2.00000
    10    -4.706  2.00000
    11    -4.675  2.00000
    12    -4.145  2.00000
    13    -3.982  2.00000
    14    -3.900  2.00000
    15    -3.749  2.00000
    16    -3.682  2.00000
    17    -3.675  2.00000
    18    -3.667  2.00000
    19    -3.649  2.00000
    20    -3.645  2.00000
    21    -3.616  2.00000
    22    -3.611  2.00000
    23    -3.609  2.00000
    24    -3.575  2.00000
    25    -3.267  2.00000
    26    -3.068  2.00000
    27     0.068  0.00000
    28     0.558  0.00000
    29     0.687  0.00000
    30     1.333  0.00000
    31     1.361  0.00000
    32     1.422  0.00000
    33     1.581  0.00000
    34     1.861  0.00000

 KPT            6  SPIN            1  KWEIGHT    7.4074074074074070E-002
     1   -15.857  2.00000
     2   -15.779  2.00000
     3   -15.739  2.00000
     4   -15.739  2.00000
     5   -15.687  2.00000
     6   -15.687  2.00000
     7    -9.654  2.00000
     8    -9.140  2.00000
     9    -4.829  2.00000
    10    -4.829  2.00000
    11    -4.456  2.00000
    12    -4.117  2.00000
    13    -4.117  2.00000
    14    -3.861  2.00000
    15    -3.787  2.00000
    16    -3.735  2.00000
    17    -3.700  2.00000
    18    -3.700  2.00000
    19    -3.640  2.00000
    20    -3.640  2.00000
    21    -3.623  2.00000
    22    -3.623  2.00000
    23    -3.603  2.00000
    24    -3.603  2.00000
    25    -3.500  2.00000
    26    -3.030  2.00000
    27     0.579  0.00000
    28     0.593  0.00000
    29     0.593  0.00000
    30     1.340  0.00000
    31     1.359  0.00000
    32     1.411  0.00000
    33     1.578  0.00000
    34     1.578  0.00000

 KPT            7  SPIN            1  KWEIGHT    7.4074074074074070E-002
     1   -15.848  2.00000
     2   -15.767  2.00000
     3   -15.752  2.00000
     4   -15.739  2.00000
     5   -15.722  2.00000
     6   -15.661  2.00000
     7    -9.645  2.00000
     8    -9.126  2.00000
     9    -5.087  2.00000
    10    -4.972  2.00000
    11    -4.666  2.00000
    12    -4.060  2.00000
    13    -3.860  2.00000
    14    -3.812  2.00000
    15    -3.761  2.00000
    16    -3.681  2.00000
    17    -3.670  2.00000
    18    -3.652  2.00000
    19    -3.650  2.00000
    20    -3.640  2.00000
    21    -3.616  2.00000
    22    -3.614  2.00000
    23    -3.603  2.00000
    24    -3.560  2.00000
    25    -3.405  2.00000
    26    -2.706  2.00000
    27     0.014  0.00000
    28     0.023  0.00000
    29     0.661  0.00000
    30     1.341  0.00000
    31     1.353  0.00000
    32     1.460  0.00000
    33     1.807  0.00000
    34     1.974  0.00000

 KPT            8  SPIN            1  KWEIGHT    7.4074074074074070E-002
     1   -15.809  2.00000
     2   -15.799  2.00000
     3   -15.759  2.00000
     4   -15.741  2.00000
     5   -15.694  2.00000
     6   -15.688  2.00000
     7    -9.401  2.00000
     8    -9.400  2.00000
     9    -4.998  2.00000
    10    -4.796  2.00000
    11    -4.587  2.00000
    12    -4.178  2.00000
    13    -3.929  2.00000
    14    -3.852  2.00000
    15    -3.792  2.00000
    16    -3.724  2.00000
    17    -3.685  2.00000
    18    -3.655  2.00000
    19    -3.642  2.00000
    20    -3.635  2.00000
    21    -3.629  2.00000
    22    -3.624  2.00000
    23    -3.624  2.00000
    24    -3.602  2.00000
    25    -3.225  2.00000
    26    -3.064  2.00000
    27     0.073  0.00000
    28     0.617  0.00000
    29     0.631  0.00000
    30     1.351  0.00000
    31     1.359  0.00000
    32     1.455  0.00000
    33     1.547  0.00000
    34     1.863  0.00000

 KPT            9  SPIN            1  KWEIGHT    7.4074074074074070E-002
     1   -15.848  2.00000
     2   -15.767  2.00000
     3   -15.752  2.00000
     4   -15.739  2.00000
     5   -15.722  2.00000
     6   -15.661  2.00000
     7    -9.645  2.00000
     8    -9.126  2.00000
     9    -5.087  2.00000
    10    -4.972  2.00000
    11    -4.666  2.00000
    12    -4.060  2.00000
    13    -3.860  2.00000
    14    -3.812  2.00000
    15    -3.761  2.00000
    16    -3.681  2.00000
    17    -3.670  2.00000
    18    -3.652  2.00000
    19    -3.650  2.00000
    20    -3.640  2.00000
    21    -3.616  2.00000
    22    -3.614  2.00000
    23    -3.603  2.00000
    24    -3.560  2.00000
    25    -3.405  2.00000
    26    -2.706  2.00000
    27     0.014  0.00000
    28     0.023  0.00000
    29     0.661  0.00000
    30     1.341  0.00000
    31     1.353  0.00000
    32     1.460  0.00000
    33     1.807  0.00000
    34     1.974  0.00000

 KPT           10  SPIN            1  KWEIGHT    7.4074074074074070E-002
     1   -15.861  2.00000
     2   -15.795  2.00000
     3   -15.741  2.00000
     4   -15.721  2.00000
     5   -15.689  2.00000
     6   -15.680  2.00000
     7    -9.658  2.00000
     8    -9.146  2.00000
     9    -4.832  2.00000
    10    -4.721  2.00000
    11    -4.560  2.00000
    12    -4.136  2.00000
    13    -4.105  2.00000
    14    -3.891  2.00000
    15    -3.719  2.00000
    16    -3.705  2.00000
    17    -3.699  2.00000
    18    -3.686  2.00000
    19    -3.669  2.00000
    20    -3.647  2.00000
    21    -3.638  2.00000
    22    -3.599  2.00000
    23    -3.586  2.00000
    24    -3.571  2.00000
    25    -3.505  2.00000
    26    -3.079  2.00000
    27     0.493  0.00000
    28     0.586  0.00000
    29     0.682  0.00000
    30     1.318  0.00000
    31     1.334  0.00000
    32     1.361  0.00000
    33     1.580  0.00000
    34     1.631  0.00000

 KPT           11  SPIN            1  KWEIGHT    7.4074074074074070E-002
     1   -15.816  2.00000
     2   -15.802  2.00000
     3   -15.760  2.00000
     4   -15.726  2.00000
     5   -15.702  2.00000
     6   -15.682  2.00000
     7    -9.403  2.00000
     8    -9.402  2.00000
     9    -4.999  2.00000
    10    -4.706  2.00000
    11    -4.675  2.00000
    12    -4.145  2.00000
    13    -3.982  2.00000
    14    -3.900  2.00000
    15    -3.749  2.00000
    16    -3.682  2.00000
    17    -3.675  2.00000
    18    -3.667  2.00000
    19    -3.649  2.00000
    20    -3.645  2.00000
    21    -3.616  2.00000
    22    -3.611  2.00000
    23    -3.609  2.00000
    24    -3.575  2.00000
    25    -3.267  2.00000
    26    -3.068  2.00000
    27     0.068  0.00000
    28     0.558  0.00000
    29     0.687  0.00000
    30     1.333  0.00000
    31     1.361  0.00000
    32     1.422  0.00000
    33     1.581  0.00000
    34     1.861  0.00000

 KPT           12  SPIN            1  KWEIGHT    7.4074074074074070E-002
     1   -15.809  2.00000
     2   -15.799  2.00000
     3   -15.759  2.00000
     4   -15.741  2.00000
     5   -15.694  2.00000
     6   -15.688  2.00000
     7    -9.401  2.00000
     8    -9.400  2.00000
     9    -4.998  2.00000
    10    -4.796  2.00000
    11    -4.587  2.00000
    12    -4.178  2.00000
    13    -3.929  2.00000
    14    -3.852  2.00000
    15    -3.792  2.00000
    16    -3.724  2.00000
    17    -3.685  2.00000
    18    -3.655  2.00000
    19    -3.642  2.00000
    20    -3.635  2.00000
    21    -3.629  2.00000
    22    -3.624  2.00000
    23    -3.624  2.00000
    24    -3.602  2.00000
    25    -3.225  2.00000
    26    -3.064  2.00000
    27     0.073  0.00000
    28     0.617  0.00000
    29     0.631  0.00000
    30     1.351  0.00000
    31     1.359  0.00000
    32     1.455  0.00000
    33     1.547  0.00000
    34     1.863  0.00000

 KPT           13  SPIN            1  KWEIGHT    7.4074074074074070E-002
     1   -15.816  2.00000
     2   -15.802  2.00000
     3   -15.760  2.00000
     4   -15.726  2.00000
     5   -15.702  2.00000
     6   -15.682  2.00000
     7    -9.403  2.00000
     8    -9.402  2.00000
     9    -4.999  2.00000
    10    -4.706  2.00000
    11    -4.675  2.00000
    12    -4.145  2.00000
    13    -3.982  2.00000
    14    -3.900  2.00000
    15    -3.749  2.00000
    16    -3.682  2.00000
    17    -3.675  2.00000
    18    -3.667  2.00000
    19    -3.649  2.00000
    20    -3.645  2.00000
    21    -3.616  2.00000
    22    -3.611  2.00000
    23    -3.609  2.00000
    24    -3.575  2.00000
    25    -3.267  2.00000
    26    -3.068  2.00000
    27     0.068  0.00000
    28     0.558  0.00000
    29     0.687  0.00000
    30     1.333  0.00000
    31     1.361  0.00000
    32     1.422  0.00000
    33     1.581  0.00000
    34     1.861  0.00000

 KPT           14  SPIN            1  KWEIGHT    7.4074074074074070E-002
     1   -15.809  2.00000
     2   -15.799  2.00000
     3   -15.759  2.00000
     4   -15.741  2.00000
     5   -15.694  2.00000
     6   -15.688  2.00000
     7    -9.401  2.00000
     8    -9.400  2.00000
     9    -4.998  2.00000
    10    -4.796  2.00000
    11    -4.587  2.00000
    12    -4.178  2.00000
    13    -3.929  2.00000
    14    -3.852  2.00000
    15    -3.792  2.00000
    16    -3.724  2.00000
    17    -3.685  2.00000
    18    -3.655  2.00000
    19    -3.642  2.00000
    20    -3.635  2.00000
    21    -3.629  2.00000
    22    -3.624  2.00000
    23    -3.624  2.00000
    24    -3.602  2.00000
    25    -3.225  2.00000
    26    -3.064  2.00000
    27     0.073  0.00000
    28     0.617  0.00000
    29     0.631  0.00000
    30     1.351  0.00000
    31     1.359  0.00000
    32     1.455  0.00000
    33     1.547  0.00000
    34     1.863  0.00000

