# Reference      Predicted      Error          
436.92537       436.91920       0.00617        
437.55604       437.55437       0.00167        
438.15712       438.14969       0.00743        
438.69977       438.69198       0.00779        
439.23848       439.23658       0.00189        
439.74022       439.73773       0.00249        
436.68560       436.68149       0.00412        
436.35758       436.34596       0.01162        
435.97376       435.95814       0.01563        
435.60003       435.58068       0.01936        
435.16772       435.14838       0.01934        
436.55415       436.54244       0.01172        
436.12384       436.11052       0.01332        
435.67776       435.67486       0.00289        
435.20985       435.22201       0.01217        
434.75652       434.79830       0.04178        
436.61349       436.61610       0.00261        
436.43989       436.44561       0.00572        
436.31281       436.32401       0.01120        
436.14396       436.18502       0.04106        
435.80516       435.86551       0.06035        
436.76203       436.75720       0.00483        
436.65386       436.64148       0.01238        
436.55879       436.53949       0.01930        
436.42856       436.40629       0.02227        
436.24588       436.22226       0.02363        
436.76968       436.76895       0.00073        
436.59019       436.58466       0.00553        
436.41661       436.41249       0.00412        
436.26509       436.27306       0.00797        
436.06431       436.08679       0.02248        
436.87398       436.86908       0.00489        
436.86045       436.85498       0.00547        
436.81743       436.81574       0.00169        
436.78803       436.78157       0.00646        
436.70997       436.71041       0.00044        
218.55526       218.56861       0.01335        
218.53440       218.54262       0.00822        
437.08504       437.11709       0.03204        
218.50464       218.51527       0.01063        
437.15449       437.20859       0.05409        
437.18379       437.24330       0.05951        
218.52017       218.53301       0.01283        
437.18973       437.24828       0.05855        
218.52066       218.53321       0.01254        
436.96063       436.95533       0.00530        
874.24517       874.29659       0.05142        
218.51963       218.52703       0.00740        
109.32516       109.33342       0.00826        
218.51415       218.53000       0.01585        
876.04806       876.05251       0.00445        
873.40268       873.37197       0.03072        
875.97024       875.96820       0.00204        
873.86113       873.80503       0.05609        
873.09466       873.16857       0.07391        
875.36111       875.34144       0.01966        
874.89454       874.86567       0.02887        
874.37625       874.33481       0.04144        
875.72922       875.72307       0.00615        
873.43447       873.41205       0.02242        
875.97084       875.97310       0.00226        
873.88352       873.85550       0.02803        
873.13767       873.18358       0.04591        
875.36630       875.37476       0.00846        
874.90378       874.91029       0.00651        
874.39117       874.38578       0.00539        
875.73150       875.74125       0.00975        
890.17289       890.14219       0.03070        
875.78205       875.77078       0.01127        
880.83415       880.93712       0.10297        
908.18880       908.18946       0.00066        
874.54831       874.55653       0.00822        
874.69018       874.64825       0.04193        
876.38329       876.29635       0.08694        
875.12939       875.12133       0.00806        
6925.55132      6925.53397      0.01735        
6925.60465      6925.61486      0.01021        
6925.70734      6925.71025      0.00291        
6925.66053      6925.67011      0.00958        
6925.64008      6925.67325      0.03318        
6925.66143      6925.67201      0.01059        
6925.69779      6925.70295      0.00516        
6925.66390      6925.67103      0.00713        
6925.98130      6925.98410      0.00280        
6925.94640      6925.94620      0.00020        
6925.87533      6925.85540      0.01993        
6926.06254      6926.09914      0.03660        
6926.08139      6926.10948      0.02808        
6925.55316      6925.38532      0.16784        
6926.23144      6926.23177      0.00033        
6925.42046      6925.38665      0.03381        
6925.97995      6925.82840      0.15155        
6925.20247      6925.21593      0.01346        
7026.35723      7026.37255      0.01531        
7026.25067      7026.26765      0.01698        
7026.32623      7026.33416      0.00793        
7026.28031      7026.28535      0.00504        
7027.87068      7027.88772      0.01705        
7027.24196      7027.26701      0.02505        
7027.81397      7027.85774      0.04377        
6935.42986      6935.43090      0.00105        
6935.43028      6935.41093      0.01936        
6935.45689      6935.47902      0.02213        
6935.52256      6935.52359      0.00103        
6935.41167      6935.42295      0.01128        
6935.50214      6935.52677      0.02463        
6935.46977      6935.49347      0.02369        
6935.54334      6935.56879      0.02545        
6935.35989      6935.37429      0.01441        
6935.31669      6935.32104      0.00435        
6935.51173      6935.50322      0.00850        
6935.57541      6935.62727      0.05186        
6935.67756      6935.71084      0.03328        
6934.39798      6934.33346      0.06452        
6935.56097      6935.61114      0.05016        
6934.87198      6934.83613      0.03585        
6935.42033      6935.39518      0.02514        
6934.38704      6934.49900      0.11195        
7036.27012      7036.27099      0.00087        
7036.10773      7036.10536      0.00237        
7036.14918      7036.15102      0.00184        
7036.17833      7036.17627      0.00206        
7037.65572      7037.66321      0.00749        
7037.03693      7037.06349      0.02656        
7038.08304      7038.12735      0.04431        
6944.93174      6944.90667      0.02507        
6944.85870      6944.78901      0.06969        
6945.00058      6945.00420      0.00362        
6944.97535      6944.98235      0.00700        
6944.89959      6944.92291      0.02332        
6945.01641      6945.01868      0.00227        
6944.97526      6944.97978      0.00452        
6944.98118      6944.98160      0.00041        
6944.90399      6944.87804      0.02595        
6944.65960      6944.61444      0.04516        
6945.03011      6944.99967      0.03044        
6944.50014      6944.50607      0.00593        
6944.86750      6944.86405      0.00346        
6943.65562      6943.62830      0.02732        
6944.93209      6944.97964      0.04755        
6944.32630      6944.32529      0.00102        
6944.67975      6944.65733      0.02242        
6944.34099      6944.29900      0.04200        
7045.79313      7045.78352      0.00961        
7045.75208      7045.71508      0.03700        
7045.84461      7045.82091      0.02370        
7045.76685      7045.72702      0.03984        
7047.54063      7047.54071      0.00008        
7046.62736      7046.60874      0.01862        
7047.36128      7047.35676      0.00452        
6952.96185      6952.95801      0.00384        
6953.04087      6953.01155      0.02932        
6952.95221      6952.97130      0.01909        
6952.93890      6952.96715      0.02824        
6952.82868      6952.86576      0.03708        
6952.93398      6952.97089      0.03691        
6952.92968      6952.94483      0.01515        
6952.93284      6952.96146      0.02862        
6953.16524      6953.18052      0.01528        
6952.98244      6952.92026      0.06217        
6952.90529      6952.90424      0.00106        
6952.87652      6952.84526      0.03126        
6952.82393      6952.76866      0.05527        
6952.15918      6952.14252      0.01666        
6953.25241      6953.29974      0.04733        
6952.39855      6952.43982      0.04127        
6952.82998      6952.85229      0.02231        
6952.09023      6952.18622      0.09599        
7054.05525      7054.04719      0.00806        
7054.04142      7054.02230      0.01912        
7054.06898      7054.05442      0.01455        
7054.01082      7053.99656      0.01426        
7056.28486      7056.26025      0.02460        
7055.02519      7054.99749      0.02771        
7055.52013      7055.50625      0.01388        
6961.40153      6961.38805      0.01348        
6961.43345      6961.43567      0.00222        
6961.37946      6961.40132      0.02186        
6961.38882      6961.40783      0.01902        
6961.22768      6961.23400      0.00632        
6961.30859      6961.31997      0.01139        
6961.36773      6961.38458      0.01686        
6961.31258      6961.32740      0.01482        
6961.48804      6961.50018      0.01214        
6961.29674      6961.22922      0.06751        
6961.36025      6961.37080      0.01055        
6960.80114      6960.75069      0.05044        
6961.45826      6961.45263      0.00563        
6960.43901      6960.55517      0.11615        
6961.69252      6961.71240      0.01988        
6960.48960      6960.51535      0.02575        
6960.95684      6960.95189      0.00494        
6960.61423      6960.69247      0.07824        
7062.72929      7062.73352      0.00423        
7062.72117      7062.70023      0.02094        
7062.66849      7062.66654      0.00195        
7062.66351      7062.66260      0.00091        
7064.57933      7064.57239      0.00694        
7063.40290      7063.36973      0.03316        
7063.68369      7063.66925      0.01444        
6969.05595      6969.06091      0.00496        
6969.13114      6969.15909      0.02796        
6968.79976      6968.75118      0.04859        
6968.74178      6968.68302      0.05877        
6968.72090      6968.67534      0.04557        
6968.79325      6968.74503      0.04822        
6968.78933      6968.74489      0.04443        
6968.68733      6968.62699      0.06033        
6969.36590      6969.39258      0.02668        
6969.10382      6969.04387      0.05995        
6968.99246      6968.99867      0.00621        
6968.79162      6968.73160      0.06003        
6969.46520      6969.45788      0.00732        
6968.31629      6968.26941      0.04688        
6969.62374      6969.67534      0.05160        
6967.80554      6967.80334      0.00220        
6968.36879      6968.42991      0.06111        
6968.54376      6968.65327      0.10951        
7069.93501      7069.98682      0.05181        
7070.16303      7070.21045      0.04742        
7070.00422      7070.06524      0.06102        
7070.07276      7070.12330      0.05054        
7071.29935      7071.22644      0.07291        
7070.94879      7070.96178      0.01299        
7071.45837      7071.42922      0.02915        
# MSE = 1.32470E-03
# Maxerror = 1.67841E-01
