 Fermi distribution function

Calculation with static geometry


********************************************************************************
 iSCC Total electronic   Diff electronic      SCC error    
    4   -0.79295025E+02   -0.27211566E+00    0.22616966E+01
********************************************************************************

 Total charge:    -0.00000000

 Atomic gross charges (e)
 Atom           Charge
    1       0.78090321
    2       0.76538843
    3       0.77858815
    4       0.89315433
    5       0.35636256
    6       0.38973229
    7      -1.40586130
    8       0.48943698
    9      -1.04594382
   10       0.16994152
   11       1.60525199
   12       0.50330769
   13      -1.40203488
   14      -0.90514029
   15      -0.11856323
   16      -0.49681308
   17       1.11596817
   18      -0.17013801
   19      -0.86764385
   20       0.61830705
   21      -0.69148426
   22       1.47129577
   23      -0.64115996
   24      -0.98731624
   25       0.41749689
   26      -0.85936356
   27      -0.50189735
   28       0.20291133
   29      -0.16107027
   30      -0.50389795
   31      -0.04322499
   32      -0.14451572
   33       0.86176675
   34      -0.40672510
   35       0.54866486
   36      -0.87266868
   37       0.09079755
   38       0.10331106
   39       0.06287593

Nr. of electrons (up):    207.00000000
Atom populations (up)
 Atom       Population
    1       0.21909679
    2       0.23461157
    3       0.22141185
    4       0.10684567
    5       0.64363744
    6       0.61026771
    7       5.40586130
    8       3.51056302
    9       5.04594382
   10       3.83005848
   11       2.39474801
   12       3.49669231
   13       5.40203488
   14       4.90514029
   15       7.11856323
   16       7.49681308
   17       5.88403183
   18       7.17013801
   19       7.86764385
   20       6.38169295
   21       7.69148426
   22       5.52870423
   23       7.64115996
   24       7.98731624
   25       6.58250311
   26       7.85936356
   27       7.50189735
   28       6.79708867
   29       7.16107027
   30       7.50389795
   31       7.04322499
   32       7.14451572
   33       6.13823325
   34       7.40672510
   35       6.45133514
   36       7.87266868
   37       6.90920245
   38       6.89668894
   39       0.93712407

l-shell populations (up)
 Atom Sh.   l       Population
    1   1   0       0.21909679
    2   1   0       0.23461157
    3   1   0       0.22141185
    4   1   0       0.10684567
    5   1   0       0.64363744
    6   1   0       0.61026771
    7   1   0       1.85101529
    7   2   1       3.55484601
    8   1   0       1.12242278
    8   2   1       2.38814024
    9   1   0       1.77164058
    9   2   1       3.27430324
   10   1   0       1.90475650
   10   2   1       1.92530198
   11   1   0       1.99963961
   11   2   1       0.39510840
   12   1   0       1.73265452
   12   2   1       1.76403778
   13   1   0       1.96970684
   13   2   1       3.43232804
   14   1   0       1.94077788
   14   2   1       2.96436242
   15   1   0       1.94668631
   15   2   1       5.17187691
   16   1   0       1.95599920
   16   2   1       5.54081388
   17   1   0       1.50763628
   17   2   1       4.37639554
   18   1   0       1.98463772
   18   2   1       5.18550029
   19   1   0       1.99345439
   19   2   1       5.87418945
   20   1   0       1.69550779
   20   2   1       4.68618516
   21   1   0       2.01631657
   21   2   1       5.67516769
   22   1   0       1.47969357
   22   2   1       4.04901066
   23   1   0       1.99720910
   23   2   1       5.64395086
   24   1   0       1.98259518
   24   2   1       6.00472106
   25   1   0       1.68808456
   25   2   1       4.89441854
   26   1   0       1.99497648
   26   2   1       5.86438708
   27   1   0       1.97069500
   27   2   1       5.53120235
   28   1   0       1.89099448
   28   2   1       4.90609419
   29   1   0       1.89263860
   29   2   1       5.26843167
   30   1   0       1.97810467
   30   2   1       5.52579328
   31   1   0       1.87270701
   31   2   1       5.17051798
   32   1   0       1.78916756
   32   2   1       5.35534816
   33   1   0       1.54838631
   33   2   1       4.58984694
   34   1   0       1.97476213
   34   2   1       5.43196297
   35   1   0       1.51851215
   35   2   1       4.93282299
   36   1   0       1.99398341
   36   2   1       5.87868527
   37   1   0       1.88564127
   37   2   1       5.02356119
   38   1   0       1.85805291
   38   2   1       5.03863603
   39   1   0       0.93712407

Orbital populations (up)
 Atom Sh.   l   m       Population  Label
    1   1   0   0       0.21909679  s
    2   1   0   0       0.23461157  s
    3   1   0   0       0.22141185  s
    4   1   0   0       0.10684567  s
    5   1   0   0       0.64363744  s
    6   1   0   0       0.61026771  s
    7   1   0   0       1.85101529  s
    7   2   1  -1       1.54440814  p_y
    7   2   1   0       1.32080456  p_z
    7   2   1   1       0.68963331  p_x
    8   1   0   0       1.12242278  s
    8   2   1  -1       1.07053090  p_y
    8   2   1   0       0.88792687  p_z
    8   2   1   1       0.42968246  p_x
    9   1   0   0       1.77164058  s
    9   2   1  -1       1.53047073  p_y
    9   2   1   0       1.17750100  p_z
    9   2   1   1       0.56633151  p_x
   10   1   0   0       1.90475650  s
   10   2   1  -1       0.87318326  p_y
   10   2   1   0       0.42404300  p_z
   10   2   1   1       0.62807572  p_x
   11   1   0   0       1.99963961  s
   11   2   1  -1       0.06022268  p_y
   11   2   1   0       0.24700547  p_z
   11   2   1   1       0.08788025  p_x
   12   1   0   0       1.73265452  s
   12   2   1  -1       0.60327810  p_y
   12   2   1   0       0.67269454  p_z
   12   2   1   1       0.48806515  p_x
   13   1   0   0       1.96970684  s
   13   2   1  -1       1.28858273  p_y
   13   2   1   0       0.52760717  p_z
   13   2   1   1       1.61613814  p_x
   14   1   0   0       1.94077788  s
   14   2   1  -1       1.21766420  p_y
   14   2   1   0       1.00901722  p_z
   14   2   1   1       0.73768099  p_x
   15   1   0   0       1.94668631  s
   15   2   1  -1       1.76761714  p_y
   15   2   1   0       1.81935170  p_z
   15   2   1   1       1.58490808  p_x
   16   1   0   0       1.95599920  s
   16   2   1  -1       1.97314670  p_y
   16   2   1   0       1.98856031  p_z
   16   2   1   1       1.57910687  p_x
   17   1   0   0       1.50763628  s
   17   2   1  -1       1.31586192  p_y
   17   2   1   0       1.42845331  p_z
   17   2   1   1       1.63208031  p_x
   18   1   0   0       1.98463772  s
   18   2   1  -1       1.26788028  p_y
   18   2   1   0       1.99030393  p_z
   18   2   1   1       1.92731608  p_x
   19   1   0   0       1.99345439  s
   19   2   1  -1       1.99662688  p_y
   19   2   1   0       1.99395219  p_z
   19   2   1   1       1.88361038  p_x
   20   1   0   0       1.69550779  s
   20   2   1  -1       1.59916202  p_y
   20   2   1   0       1.57685538  p_z
   20   2   1   1       1.51016776  p_x
   21   1   0   0       2.01631657  s
   21   2   1  -1       1.99435000  p_y
   21   2   1   0       1.75056171  p_z
   21   2   1   1       1.93025598  p_x
   22   1   0   0       1.47969357  s
   22   2   1  -1       1.20050180  p_y
   22   2   1   0       1.28907789  p_z
   22   2   1   1       1.55943097  p_x
   23   1   0   0       1.99720910  s
   23   2   1  -1       1.85706598  p_y
   23   2   1   0       1.89485870  p_z
   23   2   1   1       1.89202618  p_x
   24   1   0   0       1.98259518  s
   24   2   1  -1       2.00090704  p_y
   24   2   1   0       2.00261538  p_z
   24   2   1   1       2.00119863  p_x
   25   1   0   0       1.68808456  s
   25   2   1  -1       1.63594301  p_y
   25   2   1   0       1.67571351  p_z
   25   2   1   1       1.58276202  p_x
   26   1   0   0       1.99497648  s
   26   2   1  -1       1.90025855  p_y
   26   2   1   0       1.97720905  p_z
   26   2   1   1       1.98691947  p_x
   27   1   0   0       1.97069500  s
   27   2   1  -1       1.84365216  p_y
   27   2   1   0       1.91397085  p_z
   27   2   1   1       1.77357934  p_x
   28   1   0   0       1.89099448  s
   28   2   1  -1       1.35807349  p_y
   28   2   1   0       1.93344806  p_z
   28   2   1   1       1.61457263  p_x
   29   1   0   0       1.89263860  s
   29   2   1  -1       1.93233125  p_y
   29   2   1   0       1.87474858  p_z
   29   2   1   1       1.46135183  p_x
   30   1   0   0       1.97810467  s
   30   2   1  -1       1.94523426  p_y
   30   2   1   0       1.61976339  p_z
   30   2   1   1       1.96079563  p_x
   31   1   0   0       1.87270701  s
   31   2   1  -1       1.97423471  p_y
   31   2   1   0       1.20512745  p_z
   31   2   1   1       1.99115582  p_x
   32   1   0   0       1.78916756  s
   32   2   1  -1       1.84794611  p_y
   32   2   1   0       1.81337252  p_z
   32   2   1   1       1.69402953  p_x
   33   1   0   0       1.54838631  s
   33   2   1  -1       1.56008875  p_y
   33   2   1   0       1.51262061  p_z
   33   2   1   1       1.51713758  p_x
   34   1   0   0       1.97476213  s
   34   2   1  -1       1.82237403  p_y
   34   2   1   0       1.63517523  p_z
   34   2   1   1       1.97441371  p_x
   35   1   0   0       1.51851215  s
   35   2   1  -1       1.61871666  p_y
   35   2   1   0       1.70174532  p_z
   35   2   1   1       1.61236101  p_x
   36   1   0   0       1.99398341  s
   36   2   1  -1       1.99421009  p_y
   36   2   1   0       1.93782656  p_z
   36   2   1   1       1.94664862  p_x
   37   1   0   0       1.88564127  s
   37   2   1  -1       1.97162817  p_y
   37   2   1   0       1.07367692  p_z
   37   2   1   1       1.97825610  p_x
   38   1   0   0       1.85805291  s
   38   2   1  -1       1.74774524  p_y
   38   2   1   0       1.58691078  p_z
   38   2   1   1       1.70398000  p_x
   39   1   0   0       0.93712407  s

Fermi level:                        -0.0398387902 H           -1.0841 eV
Band energy:                       -82.7870074575 H        -2252.7491 eV
TS:                                  0.0000574802 H            0.0016 eV
Band free energy (E-TS):           -82.7870649377 H        -2252.7507 eV
Extrapolated E(0K):                -82.7870361976 H        -2252.7499 eV
Input / Output electrons (q):    207.0000000000    207.0000000000

Energy H0:                         -80.6660301748 H        -2195.0344 eV
Energy SCC:                          1.3710046974 H           37.3069 eV
Total Electronic energy:           -79.2950254774 H        -2157.7274 eV
Repulsive energy:                    0.0000000000 H            0.0000 eV
Total energy:                      -79.2950254774 H        -2157.7274 eV
Extrapolated to 0:                 -79.2950542175 H        -2157.7282 eV
Total Mermin free energy:          -79.2950829576 H        -2157.7290 eV
Force related energy:              -79.2950829576 H        -2157.7290 eV

