 Fermi distribution function

Calculation with static geometry


********************************************************************************
 iSCC Total electronic   Diff electronic      SCC error    
   16   -0.84418229E+02   -0.87557339E-09    0.49031596E-06
********************************************************************************

 Total charge:    -0.00000000

 Atomic gross charges (e)
 Atom           Charge
    1       0.91511454
    2       0.90728773
    3       0.92057931
    4       0.90991414
    5       0.91160108
    6       0.91534335
    7       0.94983650
    8       0.95049714
    9       0.94433338
   10       0.95587348
   11       0.94432923
   12       0.95587565
   13       0.94983823
   14       0.95049649
   15      -0.57077858
   16      -0.57306982
   17      -0.58086100
   18      -0.60268990
   19      -0.57155252
   20      -0.56854232
   21      -0.59713990
   22      -0.58639443
   23      -0.58491772
   24      -0.60467228
   25      -0.57200972
   26      -0.59869326
   27      -0.59448876
   28      -0.56277528
   29      -0.59146175
   30      -0.56588315
   31      -0.58488952
   32      -0.60467268
   33      -0.57200884
   34      -0.59866923
   35      -0.59142950
   36      -0.56588371
   37      -0.59448479
   38      -0.56275285
   39       0.91980124

Nr. of electrons (up):    207.00000000
Atom populations (up)
 Atom       Population
    1       0.08488546
    2       0.09271227
    3       0.07942069
    4       0.09008586
    5       0.08839892
    6       0.08465665
    7       3.05016350
    8       3.04950286
    9       3.05566662
   10       3.04412652
   11       3.05567077
   12       3.04412435
   13       3.05016177
   14       3.04950351
   15       7.57077858
   16       7.57306982
   17       7.58086100
   18       7.60268990
   19       7.57155252
   20       7.56854232
   21       7.59713990
   22       7.58639443
   23       7.58491772
   24       7.60467228
   25       7.57200972
   26       7.59869326
   27       7.59448876
   28       7.56277528
   29       7.59146175
   30       7.56588315
   31       7.58488952
   32       7.60467268
   33       7.57200884
   34       7.59866923
   35       7.59142950
   36       7.56588371
   37       7.59448479
   38       7.56275285
   39       0.08019876

l-shell populations (up)
 Atom Sh.   l       Population
    1   1   0       0.08488546
    2   1   0       0.09271227
    3   1   0       0.07942069
    4   1   0       0.09008586
    5   1   0       0.08839892
    6   1   0       0.08465665
    7   1   0       1.97849949
    7   2   1       1.07166401
    8   1   0       1.98029508
    8   2   1       1.06920777
    9   1   0       1.97929544
    9   2   1       1.07637118
   10   1   0       1.97956006
   10   2   1       1.06456646
   11   1   0       1.97929413
   11   2   1       1.07637663
   12   1   0       1.97956061
   12   2   1       1.06456374
   13   1   0       1.97850035
   13   2   1       1.07166142
   14   1   0       1.98029454
   14   2   1       1.06920897
   15   1   0       1.99022425
   15   2   1       5.58055433
   16   1   0       1.99012457
   16   2   1       5.58294525
   17   1   0       1.99084519
   17   2   1       5.59001581
   18   1   0       1.99113177
   18   2   1       5.61155813
   19   1   0       1.98998190
   19   2   1       5.58157062
   20   1   0       1.99016745
   20   2   1       5.57837487
   21   1   0       1.99091042
   21   2   1       5.60622948
   22   1   0       1.99093794
   22   2   1       5.59545648
   23   1   0       1.99093436
   23   2   1       5.59398337
   24   1   0       1.99180211
   24   2   1       5.61287017
   25   1   0       1.99034797
   25   2   1       5.58166175
   26   1   0       1.99162302
   26   2   1       5.60707023
   27   1   0       1.99150846
   27   2   1       5.60298030
   28   1   0       1.99024538
   28   2   1       5.57252989
   29   1   0       1.99107668
   29   2   1       5.60038507
   30   1   0       1.99034089
   30   2   1       5.57554226
   31   1   0       1.99093236
   31   2   1       5.59395717
   32   1   0       1.99180226
   32   2   1       5.61287042
   33   1   0       1.99034788
   33   2   1       5.58166096
   34   1   0       1.99162157
   34   2   1       5.60704767
   35   1   0       1.99107450
   35   2   1       5.60035500
   36   1   0       1.99034124
   36   2   1       5.57554247
   37   1   0       1.99150837
   37   2   1       5.60297642
   38   1   0       1.99024371
   38   2   1       5.57250913
   39   1   0       0.08019876

Orbital populations (up)
 Atom Sh.   l   m       Population  Label
    1   1   0   0       0.08488546  s
    2   1   0   0       0.09271227  s
    3   1   0   0       0.07942069  s
    4   1   0   0       0.09008586  s
    5   1   0   0       0.08839892  s
    6   1   0   0       0.08465665  s
    7   1   0   0       1.97849949  s
    7   2   1  -1       0.36067508  p_y
    7   2   1   0       0.35047101  p_z
    7   2   1   1       0.36051791  p_x
    8   1   0   0       1.98029508  s
    8   2   1  -1       0.35288417  p_y
    8   2   1   0       0.35297041  p_z
    8   2   1   1       0.36335319  p_x
    9   1   0   0       1.97929544  s
    9   2   1  -1       0.35466739  p_y
    9   2   1   0       0.35754500  p_z
    9   2   1   1       0.36415879  p_x
   10   1   0   0       1.97956006  s
   10   2   1  -1       0.35959752  p_y
   10   2   1   0       0.35669011  p_z
   10   2   1   1       0.34827883  p_x
   11   1   0   0       1.97929413  s
   11   2   1  -1       0.35466617  p_y
   11   2   1   0       0.35754976  p_z
   11   2   1   1       0.36416070  p_x
   12   1   0   0       1.97956061  s
   12   2   1  -1       0.35959704  p_y
   12   2   1   0       0.35668818  p_z
   12   2   1   1       0.34827852  p_x
   13   1   0   0       1.97850035  s
   13   2   1  -1       0.36067409  p_y
   13   2   1   0       0.35047134  p_z
   13   2   1   1       0.36051599  p_x
   14   1   0   0       1.98029454  s
   14   2   1  -1       0.35288331  p_y
   14   2   1   0       0.35297080  p_z
   14   2   1   1       0.36335487  p_x
   15   1   0   0       1.99022425  s
   15   2   1  -1       1.65170534  p_y
   15   2   1   0       1.95516621  p_z
   15   2   1   1       1.97368278  p_x
   16   1   0   0       1.99012457  s
   16   2   1  -1       1.63373340  p_y
   16   2   1   0       1.96279672  p_z
   16   2   1   1       1.98641513  p_x
   17   1   0   0       1.99084519  s
   17   2   1  -1       1.66226161  p_y
   17   2   1   0       1.94990372  p_z
   17   2   1   1       1.97785048  p_x
   18   1   0   0       1.99113177  s
   18   2   1  -1       1.66615980  p_y
   18   2   1   0       1.96621283  p_z
   18   2   1   1       1.97918550  p_x
   19   1   0   0       1.98998190  s
   19   2   1  -1       1.62516400  p_y
   19   2   1   0       1.98204711  p_z
   19   2   1   1       1.97435951  p_x
   20   1   0   0       1.99016745  s
   20   2   1  -1       1.65474751  p_y
   20   2   1   0       1.94716086  p_z
   20   2   1   1       1.97646651  p_x
   21   1   0   0       1.99091042  s
   21   2   1  -1       1.66456486  p_y
   21   2   1   0       1.96518546  p_z
   21   2   1   1       1.97647916  p_x
   22   1   0   0       1.99093794  s
   22   2   1  -1       1.66200142  p_y
   22   2   1   0       1.95981364  p_z
   22   2   1   1       1.97364142  p_x
   23   1   0   0       1.99093436  s
   23   2   1  -1       1.96939656  p_y
   23   2   1   0       1.82431475  p_z
   23   2   1   1       1.80027205  p_x
   24   1   0   0       1.99180211  s
   24   2   1  -1       1.96912531  p_y
   24   2   1   0       1.83394852  p_z
   24   2   1   1       1.80979634  p_x
   25   1   0   0       1.99034797  s
   25   2   1  -1       1.97653419  p_y
   25   2   1   0       1.81361867  p_z
   25   2   1   1       1.79150888  p_x
   26   1   0   0       1.99162302  s
   26   2   1  -1       1.97164529  p_y
   26   2   1   0       1.82602390  p_z
   26   2   1   1       1.80940105  p_x
   27   1   0   0       1.99150846  s
   27   2   1  -1       1.96944590  p_y
   27   2   1   0       1.82244339  p_z
   27   2   1   1       1.81109101  p_x
   28   1   0   0       1.99024538  s
   28   2   1  -1       1.95701496  p_y
   28   2   1   0       1.81150987  p_z
   28   2   1   1       1.80400506  p_x
   29   1   0   0       1.99107668  s
   29   2   1  -1       1.97029252  p_y
   29   2   1   0       1.81737564  p_z
   29   2   1   1       1.81271692  p_x
   30   1   0   0       1.99034089  s
   30   2   1  -1       1.97232241  p_y
   30   2   1   0       1.80222717  p_z
   30   2   1   1       1.80099268  p_x
   31   1   0   0       1.99093236  s
   31   2   1  -1       1.96939494  p_y
   31   2   1   0       1.82428812  p_z
   31   2   1   1       1.80027412  p_x
   32   1   0   0       1.99180226  s
   32   2   1  -1       1.96912626  p_y
   32   2   1   0       1.83394689  p_z
   32   2   1   1       1.80979727  p_x
   33   1   0   0       1.99034788  s
   33   2   1  -1       1.97653156  p_y
   33   2   1   0       1.81361524  p_z
   33   2   1   1       1.79151416  p_x
   34   1   0   0       1.99162157  s
   34   2   1  -1       1.97164518  p_y
   34   2   1   0       1.82601270  p_z
   34   2   1   1       1.80938979  p_x
   35   1   0   0       1.99107450  s
   35   2   1  -1       1.97029156  p_y
   35   2   1   0       1.81734371  p_z
   35   2   1   1       1.81271973  p_x
   36   1   0   0       1.99034124  s
   36   2   1  -1       1.97232366  p_y
   36   2   1   0       1.80222786  p_z
   36   2   1   1       1.80099095  p_x
   37   1   0   0       1.99150837  s
   37   2   1  -1       1.96944373  p_y
   37   2   1   0       1.82243994  p_z
   37   2   1   1       1.81109276  p_x
   38   1   0   0       1.99024371  s
   38   2   1  -1       1.95701311  p_y
   38   2   1   0       1.81149994  p_z
   38   2   1   1       1.80399609  p_x
   39   1   0   0       0.08019876  s

Fermi level:                        -0.1173254518 H           -3.1926 eV
Band energy:                       -56.9531333065 H        -1549.7736 eV
TS:                                  0.0000027399 H            0.0001 eV
Band free energy (E-TS):           -56.9531360464 H        -1549.7737 eV
Extrapolated E(0K):                -56.9531346765 H        -1549.7736 eV
Input / Output electrons (q):    207.0000000000    207.0000000000

Energy H0:                         -84.6904839984 H        -2304.5453 eV
Energy SCC:                          0.2722550936 H            7.4084 eV
Total Electronic energy:           -84.4182289049 H        -2297.1369 eV
Repulsive energy:                    0.0000000000 H            0.0000 eV
Total energy:                      -84.4182289049 H        -2297.1369 eV
Extrapolated to 0:                 -84.4182302748 H        -2297.1369 eV
Total Mermin free energy:          -84.4182316448 H        -2297.1370 eV
Force related energy:              -84.4182316448 H        -2297.1370 eV

SCC converged


