 Fermi distribution function

Geometry optimization step: 496


********************************************************************************
 iSCC Total electronic   Diff electronic      SCC error    
    6   -0.85312365E+02    0.00000000E+00    0.36093351E-10
********************************************************************************

Coordinates of moved atoms (au):
    1     11.86078576      6.00904559      6.52069476
    2      0.68186288      5.00987236     16.63417958
    3      6.00904521     22.94908565      6.52069510
    4      5.00987272     11.77016281     16.63417953
    5     17.09734520     11.86078625      6.52069484
    6     16.09817238      0.68186284     16.63417917
    7     22.94908610     17.09734486      6.52069512
    8     11.77016281     16.09817270     16.63417913
    9      1.10731540      0.37945894      0.51487666
   10     -0.47513138      0.49673697     10.82459843
   11      0.37945930     12.19561501      0.51487667
   12      0.49673728     10.61316827     10.82459854
   13     11.46775901      1.10731564      0.51487641
   14     11.58503694     -0.47513130     10.82459812
   15     12.19561516     11.46775933      0.51487646
   16     10.61316843     11.58503718     10.82459822
   17     23.12932371      4.88617064     -0.21248024
   18     23.92741023      4.37293440     11.33047244
   19      0.34053098     16.67075336     23.24504600
   20     -2.04025746     14.37981555     10.48797192
   21     11.42883054      5.58245401     23.24504544
   22      9.04804255      3.29151617     10.48797174
   23     12.04102380     15.97447103     -0.21248062
   24     12.83911073     15.46123439     11.33047227
   25      0.51165792     22.68655811      5.02925062
   26     21.31306827     -0.01171265     15.42008180
   27     22.68655835     11.59995726      5.02925065
   28     -0.01171219     10.22476818     15.42008194
   29     11.59825835      0.51165821      5.02925042
   30     11.07658711     21.31306837     15.42008149
   31     11.59995754     11.59825862      5.02925042
   32     10.22476828     11.07658760     15.42008165
   33      5.58245386      0.34053042     23.24504576
   34      3.29151599     -2.04025745     10.48797195
   35      4.88617096     12.04102358     -0.21248025
   36      4.37293438     12.83911069     11.33047246
   37     15.97447065     23.12932392     -0.21248062
   38     15.46123443     23.92741018     11.33047228
   39     16.67075359     11.42883114     23.24504569
   40     14.37981564      9.04804260     10.48797168

 Total charge:    -0.00000000

 Atomic gross charges (e)
 Atom           Charge
    1       0.71133820
    2       0.71002162
    3       0.71133821
    4       0.71002162
    5       0.71133821
    6       0.71002162
    7       0.71133821
    8       0.71002162
    9       0.32566265
   10       0.32756293
   11       0.32566266
   12       0.32756294
   13       0.32566266
   14       0.32756293
   15       0.32566267
   16       0.32756293
   17      -0.36466381
   18      -0.34594480
   19      -0.34616136
   20      -0.32649293
   21      -0.34616137
   22      -0.32649292
   23      -0.36466382
   24      -0.34594480
   25      -0.33382482
   26      -0.35749769
   27      -0.33382484
   28      -0.35749769
   29      -0.33382483
   30      -0.35749769
   31      -0.33382482
   32      -0.35749770
   33      -0.34616138
   34      -0.32649291
   35      -0.36466381
   36      -0.34594480
   37      -0.36466381
   38      -0.34594480
   39      -0.34616138
   40      -0.32649290

Nr. of electrons (up):    208.00000000
Atom populations (up)
 Atom       Population
    1       0.28866180
    2       0.28997838
    3       0.28866179
    4       0.28997838
    5       0.28866179
    6       0.28997838
    7       0.28866179
    8       0.28997838
    9       3.67433735
   10       3.67243707
   11       3.67433734
   12       3.67243706
   13       3.67433734
   14       3.67243707
   15       3.67433733
   16       3.67243707
   17       7.36466381
   18       7.34594480
   19       7.34616136
   20       7.32649293
   21       7.34616137
   22       7.32649292
   23       7.36466382
   24       7.34594480
   25       7.33382482
   26       7.35749769
   27       7.33382484
   28       7.35749769
   29       7.33382483
   30       7.35749769
   31       7.33382482
   32       7.35749770
   33       7.34616138
   34       7.32649291
   35       7.36466381
   36       7.34594480
   37       7.36466381
   38       7.34594480
   39       7.34616138
   40       7.32649290

l-shell populations (up)
 Atom Sh.   l       Population
    1   1   0       0.28866180
    2   1   0       0.28997838
    3   1   0       0.28866179
    4   1   0       0.28997838
    5   1   0       0.28866179
    6   1   0       0.28997838
    7   1   0       0.28866179
    8   1   0       0.28997838
    9   1   0       1.83025053
    9   2   1       1.84408682
   10   1   0       1.83574777
   10   2   1       1.83668930
   11   1   0       1.83025052
   11   2   1       1.84408682
   12   1   0       1.83574778
   12   2   1       1.83668928
   13   1   0       1.83025052
   13   2   1       1.84408682
   14   1   0       1.83574778
   14   2   1       1.83668929
   15   1   0       1.83025053
   15   2   1       1.84408680
   16   1   0       1.83574777
   16   2   1       1.83668930
   17   1   0       1.96045313
   17   2   1       5.40421068
   18   1   0       1.95762737
   18   2   1       5.38831743
   19   1   0       1.95801630
   19   2   1       5.38814506
   20   1   0       1.95857927
   20   2   1       5.36791366
   21   1   0       1.95801630
   21   2   1       5.38814507
   22   1   0       1.95857926
   22   2   1       5.36791366
   23   1   0       1.96045314
   23   2   1       5.40421068
   24   1   0       1.95762737
   24   2   1       5.38831743
   25   1   0       1.95938535
   25   2   1       5.37443947
   26   1   0       1.96077910
   26   2   1       5.39671858
   27   1   0       1.95938536
   27   2   1       5.37443948
   28   1   0       1.96077911
   28   2   1       5.39671858
   29   1   0       1.95938536
   29   2   1       5.37443947
   30   1   0       1.96077911
   30   2   1       5.39671859
   31   1   0       1.95938536
   31   2   1       5.37443947
   32   1   0       1.96077911
   32   2   1       5.39671859
   33   1   0       1.95801631
   33   2   1       5.38814507
   34   1   0       1.95857926
   34   2   1       5.36791365
   35   1   0       1.96045313
   35   2   1       5.40421067
   36   1   0       1.95762737
   36   2   1       5.38831743
   37   1   0       1.96045313
   37   2   1       5.40421068
   38   1   0       1.95762737
   38   2   1       5.38831743
   39   1   0       1.95801631
   39   2   1       5.38814507
   40   1   0       1.95857926
   40   2   1       5.36791364

Orbital populations (up)
 Atom Sh.   l   m       Population  Label
    1   1   0   0       0.28866180  s
    2   1   0   0       0.28997838  s
    3   1   0   0       0.28866179  s
    4   1   0   0       0.28997838  s
    5   1   0   0       0.28866179  s
    6   1   0   0       0.28997838  s
    7   1   0   0       0.28866179  s
    8   1   0   0       0.28997838  s
    9   1   0   0       1.83025053  s
    9   2   1  -1       0.63861684  p_y
    9   2   1   0       0.61072885  p_z
    9   2   1   1       0.59474113  p_x
   10   1   0   0       1.83574777  s
   10   2   1  -1       0.51723330  p_y
   10   2   1   0       0.60306472  p_z
   10   2   1   1       0.71639128  p_x
   11   1   0   0       1.83025052  s
   11   2   1  -1       0.59474111  p_y
   11   2   1   0       0.61072885  p_z
   11   2   1   1       0.63861685  p_x
   12   1   0   0       1.83574778  s
   12   2   1  -1       0.71639128  p_y
   12   2   1   0       0.60306471  p_z
   12   2   1   1       0.51723329  p_x
   13   1   0   0       1.83025052  s
   13   2   1  -1       0.59474114  p_y
   13   2   1   0       0.61072884  p_z
   13   2   1   1       0.63861685  p_x
   14   1   0   0       1.83574778  s
   14   2   1  -1       0.71639127  p_y
   14   2   1   0       0.60306473  p_z
   14   2   1   1       0.51723330  p_x
   15   1   0   0       1.83025053  s
   15   2   1  -1       0.63861684  p_y
   15   2   1   0       0.61072885  p_z
   15   2   1   1       0.59474111  p_x
   16   1   0   0       1.83574777  s
   16   2   1  -1       0.51723329  p_y
   16   2   1   0       0.60306471  p_z
   16   2   1   1       0.71639130  p_x
   17   1   0   0       1.96045313  s
   17   2   1  -1       1.53577007  p_y
   17   2   1   0       1.88862337  p_z
   17   2   1   1       1.97981724  p_x
   18   1   0   0       1.95762737  s
   18   2   1  -1       1.61705878  p_y
   18   2   1   0       1.91250465  p_z
   18   2   1   1       1.85875400  p_x
   19   1   0   0       1.95801630  s
   19   2   1  -1       1.50195839  p_y
   19   2   1   0       1.90825382  p_z
   19   2   1   1       1.97793285  p_x
   20   1   0   0       1.95857927  s
   20   2   1  -1       1.63972029  p_y
   20   2   1   0       1.92251609  p_z
   20   2   1   1       1.80567728  p_x
   21   1   0   0       1.95801630  s
   21   2   1  -1       1.50195838  p_y
   21   2   1   0       1.90825384  p_z
   21   2   1   1       1.97793285  p_x
   22   1   0   0       1.95857926  s
   22   2   1  -1       1.63972024  p_y
   22   2   1   0       1.92251611  p_z
   22   2   1   1       1.80567730  p_x
   23   1   0   0       1.96045314  s
   23   2   1  -1       1.53577008  p_y
   23   2   1   0       1.88862337  p_z
   23   2   1   1       1.97981724  p_x
   24   1   0   0       1.95762737  s
   24   2   1  -1       1.61705883  p_y
   24   2   1   0       1.91250465  p_z
   24   2   1   1       1.85875396  p_x
   25   1   0   0       1.95938535  s
   25   2   1  -1       1.93795174  p_y
   25   2   1   0       1.50402939  p_z
   25   2   1   1       1.93245833  p_x
   26   1   0   0       1.96077910  s
   26   2   1  -1       1.92510455  p_y
   26   2   1   0       1.55230316  p_z
   26   2   1   1       1.91931088  p_x
   27   1   0   0       1.95938536  s
   27   2   1  -1       1.93245834  p_y
   27   2   1   0       1.50402940  p_z
   27   2   1   1       1.93795173  p_x
   28   1   0   0       1.96077911  s
   28   2   1  -1       1.91931087  p_y
   28   2   1   0       1.55230316  p_z
   28   2   1   1       1.92510456  p_x
   29   1   0   0       1.95938536  s
   29   2   1  -1       1.93245834  p_y
   29   2   1   0       1.50402940  p_z
   29   2   1   1       1.93795174  p_x
   30   1   0   0       1.96077911  s
   30   2   1  -1       1.91931088  p_y
   30   2   1   0       1.55230316  p_z
   30   2   1   1       1.92510455  p_x
   31   1   0   0       1.95938536  s
   31   2   1  -1       1.93795173  p_y
   31   2   1   0       1.50402939  p_z
   31   2   1   1       1.93245835  p_x
   32   1   0   0       1.96077911  s
   32   2   1  -1       1.92510456  p_y
   32   2   1   0       1.55230317  p_z
   32   2   1   1       1.91931087  p_x
   33   1   0   0       1.95801631  s
   33   2   1  -1       1.97793285  p_y
   33   2   1   0       1.90825384  p_z
   33   2   1   1       1.50195839  p_x
   34   1   0   0       1.95857926  s
   34   2   1  -1       1.80567730  p_y
   34   2   1   0       1.92251610  p_z
   34   2   1   1       1.63972026  p_x
   35   1   0   0       1.96045313  s
   35   2   1  -1       1.97981724  p_y
   35   2   1   0       1.88862337  p_z
   35   2   1   1       1.53577007  p_x
   36   1   0   0       1.95762737  s
   36   2   1  -1       1.85875394  p_y
   36   2   1   0       1.91250466  p_z
   36   2   1   1       1.61705884  p_x
   37   1   0   0       1.96045313  s
   37   2   1  -1       1.97981724  p_y
   37   2   1   0       1.88862336  p_z
   37   2   1   1       1.53577008  p_x
   38   1   0   0       1.95762737  s
   38   2   1  -1       1.85875401  p_y
   38   2   1   0       1.91250464  p_z
   38   2   1   1       1.61705877  p_x
   39   1   0   0       1.95801631  s
   39   2   1  -1       1.97793285  p_y
   39   2   1   0       1.90825383  p_z
   39   2   1   1       1.50195839  p_x
   40   1   0   0       1.95857926  s
   40   2   1  -1       1.80567728  p_y
   40   2   1   0       1.92251610  p_z
   40   2   1   1       1.63972026  p_x

Fermi level:                        -0.0230130820 H           -0.6262 eV
Band energy:                       -63.0531767837 H        -1715.7642 eV
TS:                                  0.0000000000 H            0.0000 eV
Band free energy (E-TS):           -63.0531767837 H        -1715.7642 eV
Extrapolated E(0K):                -63.0531767837 H        -1715.7642 eV
Input / Output electrons (q):    208.0000000000    208.0000000000

Energy H0:                         -85.4546758523 H        -2325.3400 eV
Energy SCC:                          0.1423109740 H            3.8725 eV
Total Electronic energy:           -85.3123648783 H        -2321.4676 eV
Repulsive energy:                    0.0000000000 H            0.0000 eV
Total energy:                      -85.3123648783 H        -2321.4676 eV
Extrapolated to 0:                 -85.3123648783 H        -2321.4676 eV
Total Mermin free energy:          -85.3123648783 H        -2321.4676 eV
Force related energy:              -85.3123648783 H        -2321.4676 eV

SCC converged

Full geometry written in geo_end.{xyz|gen}

Total Forces
    1      0.000000000708      0.000000001442      0.000000002363
    2      0.000000003502      0.000000004203      0.000000005194
    3      0.000000003543      0.000000002414      0.000000001669
    4      0.000000002293      0.000000003430      0.000000005963
    5     -0.000000001021     -0.000000001149      0.000000005046
    6      0.000000002679      0.000000002116      0.000000007990
    7     -0.000000000424     -0.000000000346      0.000000005793
    8      0.000000002355      0.000000002283      0.000000008200
    9      0.000000000065      0.000000003869      0.000000004900
   10     -0.000000008711     -0.000000000893     -0.000000003867
   11      0.000000001376     -0.000000006805      0.000000007252
   12     -0.000000006544     -0.000000002875     -0.000000004522
   13     -0.000000001687     -0.000000007226      0.000000003909
   14     -0.000000005388     -0.000000004411     -0.000000000830
   15     -0.000000000107      0.000000005116      0.000000003312
   16     -0.000000009278     -0.000000001289     -0.000000000704
   17      0.000000002575     -0.000000001976     -0.000000006832
   18      0.000000004918     -0.000000005863     -0.000000000288
   19      0.000000001440      0.000000002877      0.000000000122
   20     -0.000000003531      0.000000001478      0.000000004555
   21      0.000000002102      0.000000004428      0.000000001520
   22     -0.000000005177      0.000000001799      0.000000002868
   23     -0.000000000118     -0.000000004239     -0.000000004874
   24      0.000000004263     -0.000000001952     -0.000000002492
   25      0.000000002006     -0.000000008019     -0.000000004963
   26      0.000000000503      0.000000002175     -0.000000001808
   27     -0.000000007078      0.000000005408     -0.000000007313
   28      0.000000000705      0.000000003075     -0.000000004093
   29     -0.000000004359      0.000000001852     -0.000000006942
   30      0.000000005910      0.000000001626     -0.000000002957
   31      0.000000004174     -0.000000003964     -0.000000006095
   32      0.000000005555      0.000000002945     -0.000000005744
   33     -0.000000005083      0.000000002578      0.000000001188
   34      0.000000007006     -0.000000008441      0.000000004665
   35      0.000000000571      0.000000001735     -0.000000006684
   36     -0.000000001418      0.000000005015     -0.000000000807
   37      0.000000002059      0.000000001620     -0.000000005727
   38     -0.000000006226      0.000000005303     -0.000000002353
   39     -0.000000001335     -0.000000000207     -0.000000000269
   40      0.000000007175     -0.000000009131      0.000000003657

Total stress tensor
     -0.000018473037     -0.000002714750      0.000000443493
     -0.000002714750     -0.000018473039      0.000000443494
      0.000000443494      0.000000443495     -0.000033691455

Total lattice derivs
      0.009085068510      0.001335118452     -0.000218110623
      0.001335118452      0.009085069386     -0.000218111138
     -0.000218110870     -0.000218111385      0.016569510707

Maximal derivative component:        0.927786E-08 au
Max force for moved atoms::          0.927786E-08 au

Volume:                              0.109065E+05 au^3
Pressure:                           -0.235458E-04 au    -0.692742E+09 Pa

Warning: dipole moment is not defined absolutely!
Dipole moment:  -10.07141953  -10.07141938   -9.36836844 au
Dipole moment:  -25.59899710  -25.59899673  -23.81201933 Debye

Geometry converged

