 Fermi distribution function

Calculation with static geometry


********************************************************************************
 iSCC Total electronic   Diff electronic      SCC error    
   17   -0.84926167E+02   -0.18554672E-07    0.29491819E-06
********************************************************************************

 Total charge:    -0.00000000

 Atomic gross charges (e)
 Atom           Charge
    1       0.89510513
    2       0.89689536
    3       0.86066401
    4       0.83087562
    5       0.88541285
    6       0.86551047
    7       0.52729365
    8       0.56847320
    9       0.56836687
   10       0.53669937
   11       0.56426301
   12       0.52902960
   13       0.51912152
   14       0.56265062
   15      -0.43754963
   16      -0.41021461
   17      -0.44832290
   18      -0.46417691
   19      -0.43426850
   20      -0.39711960
   21      -0.44150123
   22      -0.45690780
   23      -0.44443081
   24      -0.45984833
   25      -0.41040119
   26      -0.44638695
   27      -0.43523383
   28      -0.42765511
   29      -0.44851084
   30      -0.39348781
   31      -0.43173673
   32      -0.45598915
   33      -0.41637166
   34      -0.44423334
   35      -0.44193922
   36      -0.40112452
   37      -0.44863663
   38      -0.43418988
   39       0.81987591

Nr. of electrons (up):    207.00000000
Atom populations (up)
 Atom       Population
    1       0.10489487
    2       0.10310464
    3       0.13933599
    4       0.16912438
    5       0.11458715
    6       0.13448953
    7       3.47270635
    8       3.43152680
    9       3.43163313
   10       3.46330063
   11       3.43573699
   12       3.47097040
   13       3.48087848
   14       3.43734938
   15       7.43754963
   16       7.41021461
   17       7.44832290
   18       7.46417691
   19       7.43426850
   20       7.39711960
   21       7.44150123
   22       7.45690780
   23       7.44443081
   24       7.45984833
   25       7.41040119
   26       7.44638695
   27       7.43523383
   28       7.42765511
   29       7.44851084
   30       7.39348781
   31       7.43173673
   32       7.45598915
   33       7.41637166
   34       7.44423334
   35       7.44193922
   36       7.40112452
   37       7.44863663
   38       7.43418988
   39       0.18012409

l-shell populations (up)
 Atom Sh.   l       Population
    1   1   0       0.10489487
    2   1   0       0.10310464
    3   1   0       0.13933599
    4   1   0       0.16912438
    5   1   0       0.11458715
    6   1   0       0.13448953
    7   1   0       1.86881441
    7   2   1       1.60389194
    8   1   0       1.86585372
    8   2   1       1.56567308
    9   1   0       1.86707650
    9   2   1       1.56455663
   10   1   0       1.84642265
   10   2   1       1.61687798
   11   1   0       1.87724701
   11   2   1       1.55848999
   12   1   0       1.86035228
   12   2   1       1.61061812
   13   1   0       1.87604638
   13   2   1       1.60483210
   14   1   0       1.87112132
   14   2   1       1.56622806
   15   1   0       1.97255176
   15   2   1       5.46499788
   16   1   0       1.97202922
   16   2   1       5.43818538
   17   1   0       1.97206876
   17   2   1       5.47625414
   18   1   0       1.97391285
   18   2   1       5.49026406
   19   1   0       1.97206845
   19   2   1       5.46220005
   20   1   0       1.96979716
   20   2   1       5.42732244
   21   1   0       1.97233476
   21   2   1       5.46916647
   22   1   0       1.97412909
   22   2   1       5.48277871
   23   1   0       1.97456817
   23   2   1       5.46986264
   24   1   0       1.97350822
   24   2   1       5.48634012
   25   1   0       1.97112844
   25   2   1       5.43927275
   26   1   0       1.97297895
   26   2   1       5.47340800
   27   1   0       1.97496827
   27   2   1       5.46026556
   28   1   0       1.97155205
   28   2   1       5.45610305
   29   1   0       1.97259777
   29   2   1       5.47591307
   30   1   0       1.97000688
   30   2   1       5.42348093
   31   1   0       1.97387261
   31   2   1       5.45786412
   32   1   0       1.97349659
   32   2   1       5.48249256
   33   1   0       1.97276134
   33   2   1       5.44361032
   34   1   0       1.97299904
   34   2   1       5.47123430
   35   1   0       1.97186243
   35   2   1       5.47007679
   36   1   0       1.96968633
   36   2   1       5.43143819
   37   1   0       1.97524032
   37   2   1       5.47339631
   38   1   0       1.97140175
   38   2   1       5.46278813
   39   1   0       0.18012409

Orbital populations (up)
 Atom Sh.   l   m       Population  Label
    1   1   0   0       0.10489487  s
    2   1   0   0       0.10310464  s
    3   1   0   0       0.13933599  s
    4   1   0   0       0.16912438  s
    5   1   0   0       0.11458715  s
    6   1   0   0       0.13448953  s
    7   1   0   0       1.86881441  s
    7   2   1  -1       0.56939630  p_y
    7   2   1   0       0.56452765  p_z
    7   2   1   1       0.46996799  p_x
    8   1   0   0       1.86585372  s
    8   2   1  -1       0.52342072  p_y
    8   2   1   0       0.46207806  p_z
    8   2   1   1       0.58017429  p_x
    9   1   0   0       1.86707650  s
    9   2   1  -1       0.49778858  p_y
    9   2   1   0       0.58962383  p_z
    9   2   1   1       0.47714423  p_x
   10   1   0   0       1.84642265  s
   10   2   1  -1       0.53645595  p_y
   10   2   1   0       0.47162782  p_z
   10   2   1   1       0.60879421  p_x
   11   1   0   0       1.87724701  s
   11   2   1  -1       0.57520198  p_y
   11   2   1   0       0.50655686  p_z
   11   2   1   1       0.47673115  p_x
   12   1   0   0       1.86035228  s
   12   2   1  -1       0.52102279  p_y
   12   2   1   0       0.49762919  p_z
   12   2   1   1       0.59196615  p_x
   13   1   0   0       1.87604638  s
   13   2   1  -1       0.49385199  p_y
   13   2   1   0       0.62888735  p_z
   13   2   1   1       0.48209275  p_x
   14   1   0   0       1.87112132  s
   14   2   1  -1       0.51154847  p_y
   14   2   1   0       0.47798611  p_z
   14   2   1   1       0.57669349  p_x
   15   1   0   0       1.97255176  s
   15   2   1  -1       1.53797498  p_y
   15   2   1   0       1.95968771  p_z
   15   2   1   1       1.96733519  p_x
   16   1   0   0       1.97202922  s
   16   2   1  -1       1.54627646  p_y
   16   2   1   0       1.92034009  p_z
   16   2   1   1       1.97156883  p_x
   17   1   0   0       1.97206876  s
   17   2   1  -1       1.56132050  p_y
   17   2   1   0       1.95396440  p_z
   17   2   1   1       1.96096924  p_x
   18   1   0   0       1.97391285  s
   18   2   1  -1       1.57348642  p_y
   18   2   1   0       1.95060230  p_z
   18   2   1   1       1.96617534  p_x
   19   1   0   0       1.97206845  s
   19   2   1  -1       1.55738373  p_y
   19   2   1   0       1.94784667  p_z
   19   2   1   1       1.95696966  p_x
   20   1   0   0       1.96979716  s
   20   2   1  -1       1.55941444  p_y
   20   2   1   0       1.94127799  p_z
   20   2   1   1       1.92663001  p_x
   21   1   0   0       1.97233476  s
   21   2   1  -1       1.58598423  p_y
   21   2   1   0       1.91941562  p_z
   21   2   1   1       1.96376662  p_x
   22   1   0   0       1.97412909  s
   22   2   1  -1       1.56857403  p_y
   22   2   1   0       1.95464516  p_z
   22   2   1   1       1.95955952  p_x
   23   1   0   0       1.97456817  s
   23   2   1  -1       1.94586015  p_y
   23   2   1   0       1.71094937  p_z
   23   2   1   1       1.81305312  p_x
   24   1   0   0       1.97350822  s
   24   2   1  -1       1.95878733  p_y
   24   2   1   0       1.84493058  p_z
   24   2   1   1       1.68262221  p_x
   25   1   0   0       1.97112844  s
   25   2   1  -1       1.93293912  p_y
   25   2   1   0       1.65291804  p_z
   25   2   1   1       1.85341559  p_x
   26   1   0   0       1.97297895  s
   26   2   1  -1       1.93703630  p_y
   26   2   1   0       1.70877084  p_z
   26   2   1   1       1.82760086  p_x
   27   1   0   0       1.97496827  s
   27   2   1  -1       1.95060068  p_y
   27   2   1   0       1.91850301  p_z
   27   2   1   1       1.59116187  p_x
   28   1   0   0       1.97155205  s
   28   2   1  -1       1.93815087  p_y
   28   2   1   0       1.86561137  p_z
   28   2   1   1       1.65234081  p_x
   29   1   0   0       1.97259777  s
   29   2   1  -1       1.97104914  p_y
   29   2   1   0       1.86490293  p_z
   29   2   1   1       1.63996100  p_x
   30   1   0   0       1.97000688  s
   30   2   1  -1       1.95509297  p_y
   30   2   1   0       1.64248042  p_z
   30   2   1   1       1.82590755  p_x
   31   1   0   0       1.97387261  s
   31   2   1  -1       1.93752536  p_y
   31   2   1   0       1.70752122  p_z
   31   2   1   1       1.81281754  p_x
   32   1   0   0       1.97349659  s
   32   2   1  -1       1.95268729  p_y
   32   2   1   0       1.84424956  p_z
   32   2   1   1       1.68555571  p_x
   33   1   0   0       1.97276134  s
   33   2   1  -1       1.94777419  p_y
   33   2   1   0       1.64257920  p_z
   33   2   1   1       1.85325693  p_x
   34   1   0   0       1.97299904  s
   34   2   1  -1       1.95055187  p_y
   34   2   1   0       1.69210257  p_z
   34   2   1   1       1.82857986  p_x
   35   1   0   0       1.97186243  s
   35   2   1  -1       1.96043024  p_y
   35   2   1   0       1.89070490  p_z
   35   2   1   1       1.61894165  p_x
   36   1   0   0       1.96968633  s
   36   2   1  -1       1.94029113  p_y
   36   2   1   0       1.64491335  p_z
   36   2   1   1       1.84623371  p_x
   37   1   0   0       1.97524032  s
   37   2   1  -1       1.95449496  p_y
   37   2   1   0       1.92286657  p_z
   37   2   1   1       1.59603478  p_x
   38   1   0   0       1.97140175  s
   38   2   1  -1       1.95651648  p_y
   38   2   1   0       1.85305471  p_z
   38   2   1   1       1.65321695  p_x
   39   1   0   0       0.18012409  s

Fermi level:                        -0.1112266300 H           -3.0266 eV
Band energy:                       -60.0786560230 H        -1634.8234 eV
TS:                                  0.0000205843 H            0.0006 eV
Band free energy (E-TS):           -60.0786766072 H        -1634.8240 eV
Extrapolated E(0K):                -60.0786663151 H        -1634.8237 eV
Input / Output electrons (q):    207.0000000000    207.0000000000

Energy H0:                         -85.0634956397 H        -2314.6955 eV
Energy SCC:                          0.1373290618 H            3.7369 eV
Total Electronic energy:           -84.9261665779 H        -2310.9586 eV
Repulsive energy:                    0.0000000000 H            0.0000 eV
Total energy:                      -84.9261665779 H        -2310.9586 eV
Extrapolated to 0:                 -84.9261768700 H        -2310.9589 eV
Total Mermin free energy:          -84.9261871621 H        -2310.9591 eV
Force related energy:              -84.9261871621 H        -2310.9591 eV

SCC converged

Total Forces
    1      0.003123637902      0.003915780047     -0.000874565557
    2      0.001512554048      0.003357088994     -0.001776594164
    3      0.001603438878      0.002395659324     -0.004317624929
    4     -0.002321971001      0.002597869386      0.003793170662
    5      0.005004763424      0.003183542097      0.003187987296
    6      0.001157731086      0.001563022819      0.006208576583
    7     -0.002255409266     -0.007219736932     -0.007381158134
    8      0.005576420426     -0.005832991900      0.001419624612
    9      0.001369648411     -0.004838108080     -0.001783531893
   10      0.012000993194     -0.004530515222      0.000590282914
   11      0.000736961620     -0.006985863358      0.002441640053
   12      0.011528865611     -0.004976858405      0.003810275793
   13     -0.003819210981     -0.004422307694     -0.008241353629
   14      0.007155310193     -0.005092003293     -0.003137353901
   15      0.002389404034      0.011674506254      0.001213964178
   16      0.000647648049      0.009522098311      0.012536117478
   17     -0.004005644419      0.008850177148      0.006148539860
   18      0.001290084954      0.009167533281      0.004244290099
   19      0.002633879883      0.009262969010     -0.012338543814
   20      0.007949789481      0.009193963643     -0.005936334901
   21     -0.001739726823      0.007820763030     -0.012495226443
   22      0.001853523261      0.008879938731     -0.003652637341
   23      0.010161087115     -0.006945236683      0.010918640214
   24     -0.008995438913     -0.006410644678     -0.006110980325
   25      0.002071486775     -0.001814718297      0.012629852221
   26     -0.010181430313      0.003608173041      0.006144550688
   27     -0.012249586595      0.002194848176     -0.004497729406
   28     -0.010089749659     -0.000683776852     -0.000383345511
   29      0.011900513944     -0.003293520195      0.001781667275
   30     -0.006503136286     -0.001628069645     -0.012185117827
   31      0.011901186951      0.000170689965      0.010320803775
   32     -0.010129027992      0.001821050801     -0.006077851972
   33      0.002666282044     -0.003715922974      0.014324963049
   34     -0.008466575699     -0.008289435522      0.007027394707
   35      0.012022217562     -0.001741361251     -0.000897562065
   36     -0.006269899649     -0.004299720156     -0.010605365202
   37     -0.012165349338     -0.008995943061     -0.003393465673
   38     -0.010190288546     -0.007085522953      0.001686412697
   39     -0.008874983364     -0.000377416905     -0.004342411466

Total stress tensor
     -0.000143673866     -0.000008077454     -0.000001972594
     -0.000008077454     -0.000145214627      0.000005204588
     -0.000001972594      0.000005204588     -0.000117826824

Total lattice derivs
      0.044131967623      0.000604545530      0.042194092266
      0.003582469829      0.064404826056     -0.002308311586
     -0.042739153174     -0.004279414907      0.041001380612

Maximal derivative component:        0.143250E-01 au

Volume:                              0.973006E+04 au^3
Pressure:                           -0.135572E-03 au    -0.398866E+10 Pa


