|===============================================================================
|
|  DFTB+ release 21.1
|
|  Copyright (C) 2006 - 2021  DFTB+ developers group
|
|===============================================================================
|
|  When publishing results obtained with DFTB+, please cite the following
|  reference:
|
|  * DFTB+, a software package for efficient approximate density functional
|    theory based atomistic simulations, J. Chem. Phys. 152, 124101 (2020).
|    [doi: 10.1063/1.5143190]
|
|  You should also cite additional publications crediting the parametrization
|  data you use. Please consult the documentation of the SK-files for the
|  references.
|
|===============================================================================

Reading input file 'dftb_in.hsd'
Parser version: 9

--------------------------------------------------------------------------------
Reading SK-files:
Done.


Processed input in HSD format written to 'dftb_pin.hsd'

Starting initialization...
--------------------------------------------------------------------------------
OpenMP threads:              8
Chosen random seed:          1693775343
Mode:                        Static calculation
Self consistent charges:     Yes
SCC-tolerance:                 0.100000E-05
Max. scc iterations:                   1500
Shell resolved Hubbard:      Yes
Spin polarisation:           No
Nr. of up electrons:           103.500000
Nr. of down electrons:         103.500000
Periodic boundaries:         Yes
Electronic solver:           Relatively robust
Mixer:                       Broyden mixer
Mixing parameter:                  0.200000
Maximal SCC-cycles:                    1500
Nr. of chrg. vec. in memory:              0
Electronic temperature:        0.633363E-04 H      0.172347E-02 eV
Initial charges:             Set automatically (system chrg:   0.000E+00)
Included shells:            Cs:  s
                            Pb:  s, p
                            Br:  s, p
K-points and weights:           1:  0.000000  0.000000  0.000000     0.125000
                                2:  0.000000  0.000000  0.500000     0.125000
                                3:  0.000000  0.500000  0.000000     0.125000
                                4:  0.000000  0.500000  0.500000     0.125000
                                5:  0.500000  0.000000  0.000000     0.125000
                                6:  0.500000  0.000000  0.500000     0.125000
                                7:  0.500000  0.500000  0.000000     0.125000
                                8:  0.500000  0.500000  0.500000     0.125000

K-points in absolute space:     1:  0.000000  0.000000  0.000000
                                2: -0.015535  0.000000  0.018142
                                3:  0.000000  0.022791  0.000000
                                4: -0.015535  0.022791  0.018142
                                5:  0.015535  0.000000  0.018142
                                6:  0.000000  0.000000  0.036284
                                7:  0.015535  0.022791  0.018142
                                8:  0.000000  0.022791  0.036284

Extra options:
                             Mulliken analysis
                             Force calculation
Force type                   original

--------------------------------------------------------------------------------

***  Geometry step: 0

 iSCC Total electronic   Diff electronic      SCC error    
    1    0.00000000E+00    0.00000000E+00    0.91627493E+00
    2   -0.84892730E+02   -0.84892730E+02    0.72922440E+00
    3   -0.84907741E+02   -0.15010893E-01    0.12675348E+00
    4   -0.84925014E+02   -0.17273557E-01    0.87645746E-01
    5   -0.84925533E+02   -0.51892643E-03    0.40577159E-01
    6   -0.84924435E+02    0.10984270E-02    0.13871951E-01
    7   -0.84925889E+02   -0.14542736E-02    0.17627034E-01
    8   -0.84925681E+02    0.20788148E-03    0.59433236E-02
    9   -0.84926131E+02   -0.44957580E-03    0.13444114E-02
   10   -0.84926164E+02   -0.33334471E-04    0.38832965E-03
   11   -0.84926166E+02   -0.19694577E-05    0.18466054E-03
   12   -0.84926166E+02   -0.36233402E-06    0.20168165E-03
   13   -0.84926166E+02    0.68512719E-07    0.17951927E-03
   14   -0.84926167E+02   -0.28264300E-06    0.48379149E-04
   15   -0.84926167E+02    0.11020204E-06    0.15190123E-04
   16   -0.84926167E+02   -0.30216782E-07    0.93065606E-05
   17   -0.84926167E+02   -0.18554672E-07    0.29491819E-06
>> Charges saved for restart in charges.bin

Total Energy:                      -84.9261665779 H        -2310.9586 eV
Extrapolated to 0K:                -84.9261768700 H        -2310.9589 eV
Total Mermin free energy:          -84.9261871621 H        -2310.9591 eV
Force related energy:              -84.9261871621 H        -2310.9591 eV

Volume:                              0.973006E+04 au^3   0.144185E+04 A^3
Pressure:                           -0.135572E-03 au    -0.398866E+10 Pa

--------------------------------------------------------------------------------
DFTB+ running times                          cpu [s]             wall clock [s]
--------------------------------------------------------------------------------
Pre-SCC initialisation                 +     0.15  (  1.5%)      0.03  (  2.2%)
SCC                                    +     9.88  ( 93.4%)      1.42  ( 91.9%)
Post-SCC processing                    +     0.53  (  5.0%)      0.09  (  5.6%)
Post-geometry optimisation             +     0.02  (  0.2%)      0.00  (  0.2%)
--------------------------------------------------------------------------------
Missing                                +     0.00  (  0.0%)      0.00  (  0.1%)
Total                                  =    10.59  (100.0%)      1.55  (100.0%)
--------------------------------------------------------------------------------
