 KPT            1  SPIN            1  KWEIGHT   0.12500000000000000     
     1   -16.450  2.00000
     2   -16.409  2.00000
     3   -16.399  2.00000
     4   -16.378  2.00000
     5   -16.358  2.00000
     6   -16.327  2.00000
     7   -16.306  2.00000
     8   -16.265  2.00000
     9   -16.232  2.00000
    10   -16.230  2.00000
    11   -16.210  2.00000
    12   -16.204  2.00000
    13   -16.193  2.00000
    14   -16.185  2.00000
    15   -16.183  2.00000
    16   -16.160  2.00000
    17   -16.151  2.00000
    18   -16.133  2.00000
    19   -16.133  2.00000
    20   -16.104  2.00000
    21   -16.090  2.00000
    22   -16.089  2.00000
    23   -16.087  2.00000
    24   -16.038  2.00000
    25   -10.370  2.00000
    26   -10.093  2.00000
    27   -10.062  2.00000
    28   -10.054  2.00000
    29    -9.764  2.00000
    30    -9.756  2.00000
    31    -9.726  2.00000
    32    -9.398  2.00000
    33    -5.577  2.00000
    34    -5.536  2.00000
    35    -5.525  2.00000
    36    -5.484  2.00000
    37    -5.458  2.00000
    38    -5.420  2.00000
    39    -5.412  2.00000
    40    -5.390  2.00000
    41    -5.372  2.00000
    42    -5.361  2.00000
    43    -5.326  2.00000
    44    -5.310  2.00000
    45    -4.552  2.00000
    46    -4.476  2.00000
    47    -4.438  2.00000
    48    -4.421  2.00000
    49    -4.405  2.00000
    50    -4.392  2.00000
    51    -4.358  2.00000
    52    -4.354  2.00000
    53    -4.308  2.00000
    54    -4.307  2.00000
    55    -4.291  2.00000
    56    -4.273  2.00000
    57    -4.263  2.00000
    58    -4.237  2.00000
    59    -4.229  2.00000
    60    -4.218  2.00000
    61    -4.209  2.00000
    62    -4.197  2.00000
    63    -4.184  2.00000
    64    -4.164  2.00000
    65    -4.161  2.00000
    66    -4.151  2.00000
    67    -4.143  2.00000
    68    -4.132  2.00000
    69    -4.115  2.00000
    70    -4.109  2.00000
    71    -4.108  2.00000
    72    -4.101  2.00000
    73    -4.097  2.00000
    74    -4.093  2.00000
    75    -4.083  2.00000
    76    -4.080  2.00000
    77    -4.073  2.00000
    78    -4.070  2.00000
    79    -4.061  2.00000
    80    -4.058  2.00000
    81    -4.054  2.00000
    82    -4.047  2.00000
    83    -4.043  2.00000
    84    -4.037  2.00000
    85    -4.036  2.00000
    86    -4.034  2.00000
    87    -4.030  2.00000
    88    -4.025  2.00000
    89    -4.014  2.00000
    90    -4.008  2.00000
    91    -4.001  2.00000
    92    -3.997  2.00000
    93    -3.996  2.00000
    94    -3.978  2.00000
    95    -3.975  2.00000
    96    -3.972  2.00000
    97    -3.960  2.00000
    98    -3.646  2.00000
    99    -3.611  2.00000
   100    -3.585  2.00000
   101    -3.300  2.00000
   102    -3.292  2.00000
   103    -3.256  2.00000
   104    -2.976  0.00000
   105    -0.506  0.00000
   106    -0.488  0.00000
   107    -0.471  0.00000
   108    -0.459  0.00000
   109    -0.432  0.00000
   110    -0.418  0.00000
   111    -0.414  0.00000
   112    -0.394  0.00000
   113    -0.387  0.00000
   114    -0.367  0.00000
   115    -0.351  0.00000
   116    -0.333  0.00000
   117     0.967  0.00000
   118     1.100  0.00000
   119     1.114  0.00000
   120     1.140  0.00000
   121     1.140  0.00000
   122     1.164  0.00000
   123     1.177  0.00000
   124     1.195  0.00000
   125     1.204  0.00000
   126     1.207  0.00000
   127     1.245  0.00000
   128     1.256  0.00000
   129     1.257  0.00000
   130     1.272  0.00000
   131     1.281  0.00000
   132     1.322  0.00000
   133     1.364  0.00000
   134     1.451  0.00000
   135     1.490  0.00000

 KPT            2  SPIN            1  KWEIGHT   0.12500000000000000     
     1   -16.443  2.00000
     2   -16.414  2.00000
     3   -16.396  2.00000
     4   -16.381  2.00000
     5   -16.365  2.00000
     6   -16.323  2.00000
     7   -16.316  2.00000
     8   -16.255  2.00000
     9   -16.231  2.00000
    10   -16.229  2.00000
    11   -16.209  2.00000
    12   -16.204  2.00000
    13   -16.193  2.00000
    14   -16.184  2.00000
    15   -16.183  2.00000
    16   -16.159  2.00000
    17   -16.148  2.00000
    18   -16.133  2.00000
    19   -16.117  2.00000
    20   -16.112  2.00000
    21   -16.096  2.00000
    22   -16.093  2.00000
    23   -16.090  2.00000
    24   -16.039  2.00000
    25   -10.241  2.00000
    26   -10.210  2.00000
    27    -9.946  2.00000
    28    -9.932  2.00000
    29    -9.919  2.00000
    30    -9.888  2.00000
    31    -9.613  2.00000
    32    -9.570  2.00000
    33    -5.509  2.00000
    34    -5.474  2.00000
    35    -5.442  2.00000
    36    -5.416  2.00000
    37    -5.403  2.00000
    38    -5.400  2.00000
    39    -5.361  2.00000
    40    -5.358  2.00000
    41    -5.021  2.00000
    42    -4.936  2.00000
    43    -4.935  2.00000
    44    -4.895  2.00000
    45    -4.836  2.00000
    46    -4.800  2.00000
    47    -4.764  2.00000
    48    -4.720  2.00000
    49    -4.478  2.00000
    50    -4.458  2.00000
    51    -4.418  2.00000
    52    -4.398  2.00000
    53    -4.370  2.00000
    54    -4.323  2.00000
    55    -4.297  2.00000
    56    -4.276  2.00000
    57    -4.274  2.00000
    58    -4.262  2.00000
    59    -4.249  2.00000
    60    -4.227  2.00000
    61    -4.220  2.00000
    62    -4.213  2.00000
    63    -4.209  2.00000
    64    -4.192  2.00000
    65    -4.188  2.00000
    66    -4.163  2.00000
    67    -4.154  2.00000
    68    -4.146  2.00000
    69    -4.142  2.00000
    70    -4.139  2.00000
    71    -4.119  2.00000
    72    -4.112  2.00000
    73    -4.111  2.00000
    74    -4.102  2.00000
    75    -4.099  2.00000
    76    -4.097  2.00000
    77    -4.081  2.00000
    78    -4.078  2.00000
    79    -4.076  2.00000
    80    -4.073  2.00000
    81    -4.067  2.00000
    82    -4.057  2.00000
    83    -4.050  2.00000
    84    -4.047  2.00000
    85    -4.039  2.00000
    86    -4.035  2.00000
    87    -4.032  2.00000
    88    -4.025  2.00000
    89    -4.012  2.00000
    90    -4.011  2.00000
    91    -4.009  2.00000
    92    -3.999  2.00000
    93    -3.994  2.00000
    94    -3.986  2.00000
    95    -3.983  2.00000
    96    -3.978  2.00000
    97    -3.918  2.00000
    98    -3.906  2.00000
    99    -3.560  2.00000
   100    -3.560  2.00000
   101    -3.540  2.00000
   102    -3.487  2.00000
   103    -3.226  1.99990
   104    -3.158  0.00000
   105    -0.519  0.00000
   106    -0.478  0.00000
   107    -0.468  0.00000
   108    -0.447  0.00000
   109    -0.446  0.00000
   110    -0.424  0.00000
   111    -0.413  0.00000
   112    -0.379  0.00000
   113     0.340  0.00000
   114     0.440  0.00000
   115     0.487  0.00000
   116     0.530  0.00000
   117     0.567  0.00000
   118     0.635  0.00000
   119     0.648  0.00000
   120     0.707  0.00000
   121     1.050  0.00000
   122     1.090  0.00000
   123     1.140  0.00000
   124     1.163  0.00000
   125     1.185  0.00000
   126     1.192  0.00000
   127     1.199  0.00000
   128     1.220  0.00000
   129     1.233  0.00000
   130     1.257  0.00000
   131     1.261  0.00000
   132     1.272  0.00000
   133     1.286  0.00000
   134     1.387  0.00000
   135     1.427  0.00000

 KPT            3  SPIN            1  KWEIGHT   0.12500000000000000     
     1   -16.439  2.00000
     2   -16.417  2.00000
     3   -16.396  2.00000
     4   -16.393  2.00000
     5   -16.354  2.00000
     6   -16.324  2.00000
     7   -16.306  2.00000
     8   -16.266  2.00000
     9   -16.234  2.00000
    10   -16.228  2.00000
    11   -16.210  2.00000
    12   -16.206  2.00000
    13   -16.192  2.00000
    14   -16.190  2.00000
    15   -16.167  2.00000
    16   -16.156  2.00000
    17   -16.148  2.00000
    18   -16.136  2.00000
    19   -16.128  2.00000
    20   -16.109  2.00000
    21   -16.100  2.00000
    22   -16.089  2.00000
    23   -16.085  2.00000
    24   -16.041  2.00000
    25   -10.242  2.00000
    26   -10.216  2.00000
    27    -9.946  2.00000
    28    -9.928  2.00000
    29    -9.912  2.00000
    30    -9.898  2.00000
    31    -9.592  2.00000
    32    -9.585  2.00000
    33    -5.536  2.00000
    34    -5.499  2.00000
    35    -5.493  2.00000
    36    -5.457  2.00000
    37    -5.395  2.00000
    38    -5.394  2.00000
    39    -5.354  2.00000
    40    -5.352  2.00000
    41    -4.986  2.00000
    42    -4.928  2.00000
    43    -4.880  2.00000
    44    -4.850  2.00000
    45    -4.778  2.00000
    46    -4.744  2.00000
    47    -4.715  2.00000
    48    -4.673  2.00000
    49    -4.485  2.00000
    50    -4.465  2.00000
    51    -4.431  2.00000
    52    -4.423  2.00000
    53    -4.395  2.00000
    54    -4.360  2.00000
    55    -4.323  2.00000
    56    -4.294  2.00000
    57    -4.275  2.00000
    58    -4.268  2.00000
    59    -4.260  2.00000
    60    -4.232  2.00000
    61    -4.229  2.00000
    62    -4.211  2.00000
    63    -4.191  2.00000
    64    -4.180  2.00000
    65    -4.178  2.00000
    66    -4.166  2.00000
    67    -4.162  2.00000
    68    -4.152  2.00000
    69    -4.141  2.00000
    70    -4.138  2.00000
    71    -4.111  2.00000
    72    -4.106  2.00000
    73    -4.104  2.00000
    74    -4.097  2.00000
    75    -4.094  2.00000
    76    -4.091  2.00000
    77    -4.084  2.00000
    78    -4.081  2.00000
    79    -4.079  2.00000
    80    -4.073  2.00000
    81    -4.069  2.00000
    82    -4.061  2.00000
    83    -4.058  2.00000
    84    -4.055  2.00000
    85    -4.049  2.00000
    86    -4.048  2.00000
    87    -4.044  2.00000
    88    -4.034  2.00000
    89    -4.020  2.00000
    90    -4.008  2.00000
    91    -4.006  2.00000
    92    -4.002  2.00000
    93    -3.986  2.00000
    94    -3.981  2.00000
    95    -3.972  2.00000
    96    -3.967  2.00000
    97    -3.920  2.00000
    98    -3.912  2.00000
    99    -3.617  2.00000
   100    -3.549  2.00000
   101    -3.543  2.00000
   102    -3.518  2.00000
   103    -3.266  2.00000
   104    -3.179  0.00000
   105    -0.469  0.00000
   106    -0.466  0.00000
   107    -0.427  0.00000
   108    -0.418  0.00000
   109    -0.387  0.00000
   110    -0.386  0.00000
   111    -0.373  0.00000
   112    -0.367  0.00000
   113     0.265  0.00000
   114     0.421  0.00000
   115     0.451  0.00000
   116     0.491  0.00000
   117     0.547  0.00000
   118     0.633  0.00000
   119     0.638  0.00000
   120     0.763  0.00000
   121     1.042  0.00000
   122     1.117  0.00000
   123     1.130  0.00000
   124     1.156  0.00000
   125     1.160  0.00000
   126     1.185  0.00000
   127     1.212  0.00000
   128     1.214  0.00000
   129     1.221  0.00000
   130     1.239  0.00000
   131     1.267  0.00000
   132     1.305  0.00000
   133     1.335  0.00000
   134     1.343  0.00000
   135     1.388  0.00000

 KPT            4  SPIN            1  KWEIGHT   0.12500000000000000     
     1   -16.435  2.00000
     2   -16.411  2.00000
     3   -16.403  2.00000
     4   -16.397  2.00000
     5   -16.361  2.00000
     6   -16.317  2.00000
     7   -16.317  2.00000
     8   -16.253  2.00000
     9   -16.236  2.00000
    10   -16.231  2.00000
    11   -16.208  2.00000
    12   -16.203  2.00000
    13   -16.193  2.00000
    14   -16.190  2.00000
    15   -16.168  2.00000
    16   -16.154  2.00000
    17   -16.145  2.00000
    18   -16.129  2.00000
    19   -16.126  2.00000
    20   -16.113  2.00000
    21   -16.102  2.00000
    22   -16.095  2.00000
    23   -16.089  2.00000
    24   -16.042  2.00000
    25   -10.115  2.00000
    26   -10.082  2.00000
    27   -10.069  2.00000
    28   -10.059  2.00000
    29    -9.791  2.00000
    30    -9.787  2.00000
    31    -9.765  2.00000
    32    -9.744  2.00000
    33    -5.401  2.00000
    34    -5.389  2.00000
    35    -5.383  2.00000
    36    -5.382  2.00000
    37    -5.187  2.00000
    38    -5.058  2.00000
    39    -5.029  2.00000
    40    -4.985  2.00000
    41    -4.934  2.00000
    42    -4.928  2.00000
    43    -4.927  2.00000
    44    -4.858  2.00000
    45    -4.807  2.00000
    46    -4.751  2.00000
    47    -4.733  2.00000
    48    -4.709  2.00000
    49    -4.708  2.00000
    50    -4.672  2.00000
    51    -4.639  2.00000
    52    -4.551  2.00000
    53    -4.401  2.00000
    54    -4.397  2.00000
    55    -4.388  2.00000
    56    -4.347  2.00000
    57    -4.330  2.00000
    58    -4.285  2.00000
    59    -4.284  2.00000
    60    -4.258  2.00000
    61    -4.243  2.00000
    62    -4.226  2.00000
    63    -4.214  2.00000
    64    -4.204  2.00000
    65    -4.201  2.00000
    66    -4.185  2.00000
    67    -4.180  2.00000
    68    -4.172  2.00000
    69    -4.172  2.00000
    70    -4.154  2.00000
    71    -4.136  2.00000
    72    -4.132  2.00000
    73    -4.122  2.00000
    74    -4.119  2.00000
    75    -4.111  2.00000
    76    -4.101  2.00000
    77    -4.088  2.00000
    78    -4.086  2.00000
    79    -4.081  2.00000
    80    -4.077  2.00000
    81    -4.073  2.00000
    82    -4.067  2.00000
    83    -4.066  2.00000
    84    -4.055  2.00000
    85    -4.054  2.00000
    86    -4.043  2.00000
    87    -4.041  2.00000
    88    -4.037  2.00000
    89    -4.033  2.00000
    90    -4.010  2.00000
    91    -4.007  2.00000
    92    -3.999  2.00000
    93    -3.990  2.00000
    94    -3.987  2.00000
    95    -3.977  2.00000
    96    -3.961  2.00000
    97    -3.891  2.00000
    98    -3.879  2.00000
    99    -3.876  2.00000
   100    -3.840  2.00000
   101    -3.532  2.00000
   102    -3.498  2.00000
   103    -3.455  2.00000
   104    -3.425  2.00000
   105    -0.445  0.00000
   106    -0.444  0.00000
   107    -0.416  0.00000
   108    -0.413  0.00000
   109     0.089  0.00000
   110     0.339  0.00000
   111     0.341  0.00000
   112     0.354  0.00000
   113     0.383  0.00000
   114     0.432  0.00000
   115     0.523  0.00000
   116     0.543  0.00000
   117     0.576  0.00000
   118     0.596  0.00000
   119     0.644  0.00000
   120     0.682  0.00000
   121     0.698  0.00000
   122     0.734  0.00000
   123     0.807  0.00000
   124     0.850  0.00000
   125     1.100  0.00000
   126     1.140  0.00000
   127     1.158  0.00000
   128     1.176  0.00000
   129     1.190  0.00000
   130     1.204  0.00000
   131     1.212  0.00000
   132     1.225  0.00000
   133     1.237  0.00000
   134     1.263  0.00000
   135     1.272  0.00000

 KPT            5  SPIN            1  KWEIGHT   0.12500000000000000     
     1   -16.445  2.00000
     2   -16.415  2.00000
     3   -16.397  2.00000
     4   -16.380  2.00000
     5   -16.358  2.00000
     6   -16.326  2.00000
     7   -16.308  2.00000
     8   -16.268  2.00000
     9   -16.233  2.00000
    10   -16.231  2.00000
    11   -16.214  2.00000
    12   -16.205  2.00000
    13   -16.199  2.00000
    14   -16.177  2.00000
    15   -16.174  2.00000
    16   -16.161  2.00000
    17   -16.141  2.00000
    18   -16.130  2.00000
    19   -16.117  2.00000
    20   -16.107  2.00000
    21   -16.099  2.00000
    22   -16.098  2.00000
    23   -16.094  2.00000
    24   -16.040  2.00000
    25   -10.256  2.00000
    26   -10.221  2.00000
    27    -9.941  2.00000
    28    -9.929  2.00000
    29    -9.903  2.00000
    30    -9.903  2.00000
    31    -9.592  2.00000
    32    -9.559  2.00000
    33    -5.562  2.00000
    34    -5.551  2.00000
    35    -5.505  2.00000
    36    -5.494  2.00000
    37    -5.443  2.00000
    38    -5.439  2.00000
    39    -5.353  2.00000
    40    -5.345  2.00000
    41    -4.874  2.00000
    42    -4.857  2.00000
    43    -4.856  2.00000
    44    -4.804  2.00000
    45    -4.793  2.00000
    46    -4.780  2.00000
    47    -4.754  2.00000
    48    -4.711  2.00000
    49    -4.522  2.00000
    50    -4.442  2.00000
    51    -4.421  2.00000
    52    -4.404  2.00000
    53    -4.390  2.00000
    54    -4.365  2.00000
    55    -4.320  2.00000
    56    -4.304  2.00000
    57    -4.293  2.00000
    58    -4.273  2.00000
    59    -4.269  2.00000
    60    -4.230  2.00000
    61    -4.224  2.00000
    62    -4.211  2.00000
    63    -4.199  2.00000
    64    -4.193  2.00000
    65    -4.189  2.00000
    66    -4.165  2.00000
    67    -4.156  2.00000
    68    -4.140  2.00000
    69    -4.137  2.00000
    70    -4.120  2.00000
    71    -4.115  2.00000
    72    -4.109  2.00000
    73    -4.098  2.00000
    74    -4.098  2.00000
    75    -4.084  2.00000
    76    -4.083  2.00000
    77    -4.078  2.00000
    78    -4.074  2.00000
    79    -4.066  2.00000
    80    -4.062  2.00000
    81    -4.062  2.00000
    82    -4.053  2.00000
    83    -4.045  2.00000
    84    -4.044  2.00000
    85    -4.039  2.00000
    86    -4.029  2.00000
    87    -4.025  2.00000
    88    -4.024  2.00000
    89    -4.019  2.00000
    90    -4.015  2.00000
    91    -4.011  2.00000
    92    -3.996  2.00000
    93    -3.991  2.00000
    94    -3.989  2.00000
    95    -3.984  2.00000
    96    -3.970  2.00000
    97    -3.930  2.00000
    98    -3.906  2.00000
    99    -3.602  2.00000
   100    -3.540  2.00000
   101    -3.536  2.00000
   102    -3.502  2.00000
   103    -3.245  2.00000
   104    -3.192  0.00010
   105    -0.486  0.00000
   106    -0.475  0.00000
   107    -0.444  0.00000
   108    -0.430  0.00000
   109    -0.424  0.00000
   110    -0.393  0.00000
   111    -0.382  0.00000
   112    -0.357  0.00000
   113     0.379  0.00000
   114     0.417  0.00000
   115     0.422  0.00000
   116     0.463  0.00000
   117     0.506  0.00000
   118     0.549  0.00000
   119     0.575  0.00000
   120     0.628  0.00000
   121     0.986  0.00000
   122     1.106  0.00000
   123     1.150  0.00000
   124     1.156  0.00000
   125     1.181  0.00000
   126     1.185  0.00000
   127     1.208  0.00000
   128     1.241  0.00000
   129     1.250  0.00000
   130     1.262  0.00000
   131     1.266  0.00000
   132     1.324  0.00000
   133     1.346  0.00000
   134     1.462  0.00000
   135     1.476  0.00000

 KPT            6  SPIN            1  KWEIGHT   0.12500000000000000     
     1   -16.442  2.00000
     2   -16.412  2.00000
     3   -16.397  2.00000
     4   -16.381  2.00000
     5   -16.367  2.00000
     6   -16.324  2.00000
     7   -16.321  2.00000
     8   -16.256  2.00000
     9   -16.235  2.00000
    10   -16.228  2.00000
    11   -16.215  2.00000
    12   -16.202  2.00000
    13   -16.199  2.00000
    14   -16.185  2.00000
    15   -16.158  2.00000
    16   -16.148  2.00000
    17   -16.143  2.00000
    18   -16.129  2.00000
    19   -16.129  2.00000
    20   -16.112  2.00000
    21   -16.100  2.00000
    22   -16.097  2.00000
    23   -16.096  2.00000
    24   -16.041  2.00000
    25   -10.143  2.00000
    26   -10.097  2.00000
    27   -10.062  2.00000
    28   -10.050  2.00000
    29    -9.825  2.00000
    30    -9.775  2.00000
    31    -9.732  2.00000
    32    -9.716  2.00000
    33    -5.494  2.00000
    34    -5.493  2.00000
    35    -5.430  2.00000
    36    -5.420  2.00000
    37    -5.094  2.00000
    38    -5.042  2.00000
    39    -5.026  2.00000
    40    -4.966  2.00000
    41    -4.946  2.00000
    42    -4.874  2.00000
    43    -4.858  2.00000
    44    -4.798  2.00000
    45    -4.795  2.00000
    46    -4.767  2.00000
    47    -4.746  2.00000
    48    -4.714  2.00000
    49    -4.711  2.00000
    50    -4.648  2.00000
    51    -4.647  2.00000
    52    -4.611  2.00000
    53    -4.458  2.00000
    54    -4.443  2.00000
    55    -4.387  2.00000
    56    -4.367  2.00000
    57    -4.309  2.00000
    58    -4.289  2.00000
    59    -4.269  2.00000
    60    -4.238  2.00000
    61    -4.227  2.00000
    62    -4.226  2.00000
    63    -4.203  2.00000
    64    -4.196  2.00000
    65    -4.191  2.00000
    66    -4.190  2.00000
    67    -4.178  2.00000
    68    -4.178  2.00000
    69    -4.156  2.00000
    70    -4.149  2.00000
    71    -4.127  2.00000
    72    -4.123  2.00000
    73    -4.119  2.00000
    74    -4.109  2.00000
    75    -4.105  2.00000
    76    -4.094  2.00000
    77    -4.091  2.00000
    78    -4.090  2.00000
    79    -4.080  2.00000
    80    -4.070  2.00000
    81    -4.070  2.00000
    82    -4.067  2.00000
    83    -4.061  2.00000
    84    -4.051  2.00000
    85    -4.041  2.00000
    86    -4.034  2.00000
    87    -4.032  2.00000
    88    -4.030  2.00000
    89    -4.024  2.00000
    90    -4.023  2.00000
    91    -4.018  2.00000
    92    -4.006  2.00000
    93    -4.002  2.00000
    94    -3.977  2.00000
    95    -3.976  2.00000
    96    -3.973  2.00000
    97    -3.911  2.00000
    98    -3.879  2.00000
    99    -3.856  2.00000
   100    -3.842  2.00000
   101    -3.516  2.00000
   102    -3.474  2.00000
   103    -3.424  2.00000
   104    -3.414  2.00000
   105    -0.507  0.00000
   106    -0.472  0.00000
   107    -0.460  0.00000
   108    -0.443  0.00000
   109     0.251  0.00000
   110     0.336  0.00000
   111     0.365  0.00000
   112     0.400  0.00000
   113     0.422  0.00000
   114     0.470  0.00000
   115     0.479  0.00000
   116     0.501  0.00000
   117     0.511  0.00000
   118     0.543  0.00000
   119     0.572  0.00000
   120     0.614  0.00000
   121     0.632  0.00000
   122     0.677  0.00000
   123     0.751  0.00000
   124     0.781  0.00000
   125     1.059  0.00000
   126     1.122  0.00000
   127     1.137  0.00000
   128     1.177  0.00000
   129     1.216  0.00000
   130     1.222  0.00000
   131     1.248  0.00000
   132     1.253  0.00000
   133     1.294  0.00000
   134     1.394  0.00000
   135     1.421  0.00000

 KPT            7  SPIN            1  KWEIGHT   0.12500000000000000     
     1   -16.436  2.00000
     2   -16.411  2.00000
     3   -16.403  2.00000
     4   -16.396  2.00000
     5   -16.354  2.00000
     6   -16.325  2.00000
     7   -16.306  2.00000
     8   -16.266  2.00000
     9   -16.235  2.00000
    10   -16.234  2.00000
    11   -16.216  2.00000
    12   -16.213  2.00000
    13   -16.184  2.00000
    14   -16.169  2.00000
    15   -16.167  2.00000
    16   -16.150  2.00000
    17   -16.149  2.00000
    18   -16.132  2.00000
    19   -16.117  2.00000
    20   -16.110  2.00000
    21   -16.109  2.00000
    22   -16.096  2.00000
    23   -16.094  2.00000
    24   -16.042  2.00000
    25   -10.147  2.00000
    26   -10.106  2.00000
    27   -10.056  2.00000
    28   -10.054  2.00000
    29    -9.807  2.00000
    30    -9.782  2.00000
    31    -9.724  2.00000
    32    -9.721  2.00000
    33    -5.521  2.00000
    34    -5.500  2.00000
    35    -5.482  2.00000
    36    -5.470  2.00000
    37    -5.061  2.00000
    38    -5.032  2.00000
    39    -4.982  2.00000
    40    -4.912  2.00000
    41    -4.893  2.00000
    42    -4.877  2.00000
    43    -4.820  2.00000
    44    -4.809  2.00000
    45    -4.755  2.00000
    46    -4.748  2.00000
    47    -4.721  2.00000
    48    -4.717  2.00000
    49    -4.687  2.00000
    50    -4.681  2.00000
    51    -4.620  2.00000
    52    -4.600  2.00000
    53    -4.460  2.00000
    54    -4.419  2.00000
    55    -4.394  2.00000
    56    -4.390  2.00000
    57    -4.376  2.00000
    58    -4.297  2.00000
    59    -4.288  2.00000
    60    -4.269  2.00000
    61    -4.241  2.00000
    62    -4.235  2.00000
    63    -4.226  2.00000
    64    -4.204  2.00000
    65    -4.186  2.00000
    66    -4.181  2.00000
    67    -4.172  2.00000
    68    -4.153  2.00000
    69    -4.140  2.00000
    70    -4.139  2.00000
    71    -4.135  2.00000
    72    -4.132  2.00000
    73    -4.110  2.00000
    74    -4.103  2.00000
    75    -4.099  2.00000
    76    -4.094  2.00000
    77    -4.094  2.00000
    78    -4.089  2.00000
    79    -4.082  2.00000
    80    -4.077  2.00000
    81    -4.065  2.00000
    82    -4.064  2.00000
    83    -4.059  2.00000
    84    -4.054  2.00000
    85    -4.047  2.00000
    86    -4.045  2.00000
    87    -4.041  2.00000
    88    -4.030  2.00000
    89    -4.024  2.00000
    90    -4.015  2.00000
    91    -4.014  2.00000
    92    -4.004  2.00000
    93    -3.996  2.00000
    94    -3.981  2.00000
    95    -3.978  2.00000
    96    -3.966  2.00000
    97    -3.883  2.00000
    98    -3.879  2.00000
    99    -3.861  2.00000
   100    -3.858  2.00000
   101    -3.577  2.00000
   102    -3.518  2.00000
   103    -3.481  2.00000
   104    -3.418  2.00000
   105    -0.423  0.00000
   106    -0.418  0.00000
   107    -0.401  0.00000
   108    -0.391  0.00000
   109     0.239  0.00000
   110     0.362  0.00000
   111     0.390  0.00000
   112     0.396  0.00000
   113     0.406  0.00000
   114     0.442  0.00000
   115     0.444  0.00000
   116     0.486  0.00000
   117     0.527  0.00000
   118     0.542  0.00000
   119     0.565  0.00000
   120     0.598  0.00000
   121     0.629  0.00000
   122     0.655  0.00000
   123     0.676  0.00000
   124     0.784  0.00000
   125     1.061  0.00000
   126     1.134  0.00000
   127     1.144  0.00000
   128     1.185  0.00000
   129     1.217  0.00000
   130     1.217  0.00000
   131     1.254  0.00000
   132     1.304  0.00000
   133     1.313  0.00000
   134     1.344  0.00000
   135     1.368  0.00000

 KPT            8  SPIN            1  KWEIGHT   0.12500000000000000     
     1   -16.434  2.00000
     2   -16.409  2.00000
     3   -16.403  2.00000
     4   -16.396  2.00000
     5   -16.363  2.00000
     6   -16.321  2.00000
     7   -16.318  2.00000
     8   -16.253  2.00000
     9   -16.240  2.00000
    10   -16.237  2.00000
    11   -16.211  2.00000
    12   -16.206  2.00000
    13   -16.190  2.00000
    14   -16.166  2.00000
    15   -16.159  2.00000
    16   -16.142  2.00000
    17   -16.142  2.00000
    18   -16.138  2.00000
    19   -16.131  2.00000
    20   -16.116  2.00000
    21   -16.106  2.00000
    22   -16.098  2.00000
    23   -16.093  2.00000
    24   -16.043  2.00000
    25   -10.034  2.00000
    26    -9.968  2.00000
    27    -9.958  2.00000
    28    -9.946  2.00000
    29    -9.929  2.00000
    30    -9.915  2.00000
    31    -9.883  2.00000
    32    -9.856  2.00000
    33    -5.195  2.00000
    34    -5.138  2.00000
    35    -5.096  2.00000
    36    -5.026  2.00000
    37    -5.022  2.00000
    38    -4.994  2.00000
    39    -4.980  2.00000
    40    -4.924  2.00000
    41    -4.921  2.00000
    42    -4.895  2.00000
    43    -4.860  2.00000
    44    -4.858  2.00000
    45    -4.823  2.00000
    46    -4.794  2.00000
    47    -4.735  2.00000
    48    -4.720  2.00000
    49    -4.700  2.00000
    50    -4.682  2.00000
    51    -4.618  2.00000
    52    -4.597  2.00000
    53    -4.586  2.00000
    54    -4.567  2.00000
    55    -4.529  2.00000
    56    -4.492  2.00000
    57    -4.340  2.00000
    58    -4.339  2.00000
    59    -4.330  2.00000
    60    -4.304  2.00000
    61    -4.296  2.00000
    62    -4.251  2.00000
    63    -4.235  2.00000
    64    -4.214  2.00000
    65    -4.204  2.00000
    66    -4.199  2.00000
    67    -4.188  2.00000
    68    -4.173  2.00000
    69    -4.170  2.00000
    70    -4.162  2.00000
    71    -4.150  2.00000
    72    -4.137  2.00000
    73    -4.132  2.00000
    74    -4.130  2.00000
    75    -4.110  2.00000
    76    -4.100  2.00000
    77    -4.097  2.00000
    78    -4.094  2.00000
    79    -4.093  2.00000
    80    -4.091  2.00000
    81    -4.074  2.00000
    82    -4.073  2.00000
    83    -4.068  2.00000
    84    -4.056  2.00000
    85    -4.055  2.00000
    86    -4.044  2.00000
    87    -4.038  2.00000
    88    -4.035  2.00000
    89    -4.033  2.00000
    90    -4.024  2.00000
    91    -4.013  2.00000
    92    -3.997  2.00000
    93    -3.991  2.00000
    94    -3.984  2.00000
    95    -3.971  2.00000
    96    -3.959  2.00000
    97    -3.876  2.00000
    98    -3.844  2.00000
    99    -3.840  2.00000
   100    -3.830  2.00000
   101    -3.826  2.00000
   102    -3.804  2.00000
   103    -3.797  2.00000
   104    -3.750  2.00000
   105     0.056  0.00000
   106     0.257  0.00000
   107     0.308  0.00000
   108     0.315  0.00000
   109     0.320  0.00000
   110     0.390  0.00000
   111     0.405  0.00000
   112     0.414  0.00000
   113     0.447  0.00000
   114     0.466  0.00000
   115     0.497  0.00000
   116     0.501  0.00000
   117     0.514  0.00000
   118     0.535  0.00000
   119     0.568  0.00000
   120     0.578  0.00000
   121     0.626  0.00000
   122     0.655  0.00000
   123     0.717  0.00000
   124     0.718  0.00000
   125     0.762  0.00000
   126     0.803  0.00000
   127     0.819  0.00000
   128     0.859  0.00000
   129     1.130  0.00000
   130     1.147  0.00000
   131     1.153  0.00000
   132     1.198  0.00000
   133     1.221  0.00000
   134     1.229  0.00000
   135     1.264  0.00000

