 Fermi distribution function

Calculation with static geometry


********************************************************************************
 iSCC Total electronic   Diff electronic      SCC error    
   15   -0.84438904E+02   -0.39364068E-11    0.17123980E-06
********************************************************************************

 Total charge:    -0.00000000

 Atomic gross charges (e)
 Atom           Charge
    1       0.90131486
    2       0.90323442
    3       0.91109311
    4       0.90147020
    5       0.92646221
    6       0.91324675
    7       0.94935432
    8       0.92291849
    9       0.91596120
   10       0.95845022
   11       0.91595893
   12       0.95846110
   13       0.94931952
   14       0.92288726
   15      -0.62816926
   16      -0.55136738
   17      -0.60529367
   18      -0.53790205
   19      -0.55561999
   20      -0.61213058
   21      -0.55657132
   22      -0.56942883
   23      -0.61344497
   24      -0.55141893
   25      -0.61657348
   26      -0.58520830
   27      -0.52735182
   28      -0.54586268
   29      -0.56622649
   30      -0.59543667
   31      -0.61350156
   32      -0.55145175
   33      -0.61659668
   34      -0.58517989
   35      -0.56622728
   36      -0.59549912
   37      -0.52737772
   38      -0.54583893
   39       0.86954674

Nr. of electrons (up):    207.00000000
Atom populations (up)
 Atom       Population
    1       0.09868514
    2       0.09676558
    3       0.08890689
    4       0.09852980
    5       0.07353779
    6       0.08675325
    7       3.05064568
    8       3.07708151
    9       3.08403880
   10       3.04154978
   11       3.08404107
   12       3.04153890
   13       3.05068048
   14       3.07711274
   15       7.62816926
   16       7.55136738
   17       7.60529367
   18       7.53790205
   19       7.55561999
   20       7.61213058
   21       7.55657132
   22       7.56942883
   23       7.61344497
   24       7.55141893
   25       7.61657348
   26       7.58520830
   27       7.52735182
   28       7.54586268
   29       7.56622649
   30       7.59543667
   31       7.61350156
   32       7.55145175
   33       7.61659668
   34       7.58517989
   35       7.56622728
   36       7.59549912
   37       7.52737772
   38       7.54583893
   39       0.13045326

l-shell populations (up)
 Atom Sh.   l       Population
    1   1   0       0.09868514
    2   1   0       0.09676558
    3   1   0       0.08890689
    4   1   0       0.09852980
    5   1   0       0.07353779
    6   1   0       0.08675325
    7   1   0       1.97684137
    7   2   1       1.07380431
    8   1   0       1.97881095
    8   2   1       1.09827056
    9   1   0       1.98268746
    9   2   1       1.10135134
   10   1   0       1.97375529
   10   2   1       1.06779449
   11   1   0       1.98268638
   11   2   1       1.10135469
   12   1   0       1.97376066
   12   2   1       1.06777823
   13   1   0       1.97682900
   13   2   1       1.07385148
   14   1   0       1.97881041
   14   2   1       1.09830233
   15   1   0       1.99257254
   15   2   1       5.63559671
   16   1   0       1.98962135
   16   2   1       5.56174603
   17   1   0       1.99191948
   17   2   1       5.61337419
   18   1   0       1.98791409
   18   2   1       5.54998796
   19   1   0       1.98971736
   19   2   1       5.56590263
   20   1   0       1.99174673
   20   2   1       5.62038385
   21   1   0       1.98854409
   21   2   1       5.56802723
   22   1   0       1.99099347
   22   2   1       5.57843536
   23   1   0       1.99187349
   23   2   1       5.62157148
   24   1   0       1.98997967
   24   2   1       5.56143926
   25   1   0       1.99191068
   25   2   1       5.62466279
   26   1   0       1.99109207
   26   2   1       5.59411623
   27   1   0       1.98758078
   27   2   1       5.53977104
   28   1   0       1.98946864
   28   2   1       5.55639403
   29   1   0       1.99019792
   29   2   1       5.57602857
   30   1   0       1.99155833
   30   2   1       5.60387833
   31   1   0       1.99187587
   31   2   1       5.62162569
   32   1   0       1.98998382
   32   2   1       5.56146793
   33   1   0       1.99191233
   33   2   1       5.62468436
   34   1   0       1.99108979
   34   2   1       5.59409009
   35   1   0       1.99019875
   35   2   1       5.57602854
   36   1   0       1.99156118
   36   2   1       5.60393794
   37   1   0       1.98758236
   37   2   1       5.53979536
   38   1   0       1.98946687
   38   2   1       5.55637206
   39   1   0       0.13045326

Orbital populations (up)
 Atom Sh.   l   m       Population  Label
    1   1   0   0       0.09868514  s
    2   1   0   0       0.09676558  s
    3   1   0   0       0.08890689  s
    4   1   0   0       0.09852980  s
    5   1   0   0       0.07353779  s
    6   1   0   0       0.08675325  s
    7   1   0   0       1.97684137  s
    7   2   1  -1       0.35771217  p_y
    7   2   1   0       0.35445016  p_z
    7   2   1   1       0.36164198  p_x
    8   1   0   0       1.97881095  s
    8   2   1  -1       0.36697343  p_y
    8   2   1   0       0.36275495  p_z
    8   2   1   1       0.36854218  p_x
    9   1   0   0       1.98268746  s
    9   2   1  -1       0.35925925  p_y
    9   2   1   0       0.36689140  p_z
    9   2   1   1       0.37520068  p_x
   10   1   0   0       1.97375529  s
   10   2   1  -1       0.36359282  p_y
   10   2   1   0       0.35276178  p_z
   10   2   1   1       0.35143990  p_x
   11   1   0   0       1.98268638  s
   11   2   1  -1       0.35926747  p_y
   11   2   1   0       0.36688121  p_z
   11   2   1   1       0.37520602  p_x
   12   1   0   0       1.97376066  s
   12   2   1  -1       0.36357105  p_y
   12   2   1   0       0.35276018  p_z
   12   2   1   1       0.35144701  p_x
   13   1   0   0       1.97682900  s
   13   2   1  -1       0.35778786  p_y
   13   2   1   0       0.35443352  p_z
   13   2   1   1       0.36163009  p_x
   14   1   0   0       1.97881041  s
   14   2   1  -1       0.36696216  p_y
   14   2   1   0       0.36278603  p_z
   14   2   1   1       0.36855413  p_x
   15   1   0   0       1.99257254  s
   15   2   1  -1       1.72251914  p_y
   15   2   1   0       1.94406659  p_z
   15   2   1   1       1.96901098  p_x
   16   1   0   0       1.98962135  s
   16   2   1  -1       1.59999555  p_y
   16   2   1   0       1.98028948  p_z
   16   2   1   1       1.98146100  p_x
   17   1   0   0       1.99191948  s
   17   2   1  -1       1.66734412  p_y
   17   2   1   0       1.96458212  p_z
   17   2   1   1       1.98144795  p_x
   18   1   0   0       1.98791409  s
   18   2   1  -1       1.61526847  p_y
   18   2   1   0       1.97512799  p_z
   18   2   1   1       1.95959149  p_x
   19   1   0   0       1.98971736  s
   19   2   1  -1       1.63149103  p_y
   19   2   1   0       1.96534261  p_z
   19   2   1   1       1.96906899  p_x
   20   1   0   0       1.99174673  s
   20   2   1  -1       1.69273938  p_y
   20   2   1   0       1.94478200  p_z
   20   2   1   1       1.98286247  p_x
   21   1   0   0       1.98854409  s
   21   2   1  -1       1.62451620  p_y
   21   2   1   0       1.97042227  p_z
   21   2   1   1       1.97308876  p_x
   22   1   0   0       1.99099347  s
   22   2   1  -1       1.64956813  p_y
   22   2   1   0       1.95190977  p_z
   22   2   1   1       1.97695745  p_x
   23   1   0   0       1.99187349  s
   23   2   1  -1       1.97052828  p_y
   23   2   1   0       1.84265906  p_z
   23   2   1   1       1.80838413  p_x
   24   1   0   0       1.98997967  s
   24   2   1  -1       1.95914818  p_y
   24   2   1   0       1.81118378  p_z
   24   2   1   1       1.79110730  p_x
   25   1   0   0       1.99191068  s
   25   2   1  -1       1.93984277  p_y
   25   2   1   0       1.85201075  p_z
   25   2   1   1       1.83280927  p_x
   26   1   0   0       1.99109207  s
   26   2   1  -1       1.97155777  p_y
   26   2   1   0       1.81605024  p_z
   26   2   1   1       1.80650822  p_x
   27   1   0   0       1.98758078  s
   27   2   1  -1       1.97274294  p_y
   27   2   1   0       1.78326804  p_z
   27   2   1   1       1.78376006  p_x
   28   1   0   0       1.98946864  s
   28   2   1  -1       1.95687542  p_y
   28   2   1   0       1.80690574  p_z
   28   2   1   1       1.79261288  p_x
   29   1   0   0       1.99019792  s
   29   2   1  -1       1.96665614  p_y
   29   2   1   0       1.80009749  p_z
   29   2   1   1       1.80927494  p_x
   30   1   0   0       1.99155833  s
   30   2   1  -1       1.97403604  p_y
   30   2   1   0       1.82054731  p_z
   30   2   1   1       1.80929499  p_x
   31   1   0   0       1.99187587  s
   31   2   1  -1       1.97051644  p_y
   31   2   1   0       1.84272222  p_z
   31   2   1   1       1.80838703  p_x
   32   1   0   0       1.98998382  s
   32   2   1  -1       1.95914639  p_y
   32   2   1   0       1.81116086  p_z
   32   2   1   1       1.79116068  p_x
   33   1   0   0       1.99191233  s
   33   2   1  -1       1.93983774  p_y
   33   2   1   0       1.85202134  p_z
   33   2   1   1       1.83282528  p_x
   34   1   0   0       1.99108979  s
   34   2   1  -1       1.97156821  p_y
   34   2   1   0       1.81598494  p_z
   34   2   1   1       1.80653694  p_x
   35   1   0   0       1.99019875  s
   35   2   1  -1       1.96664149  p_y
   35   2   1   0       1.80016427  p_z
   35   2   1   1       1.80922277  p_x
   36   1   0   0       1.99156118  s
   36   2   1  -1       1.97402972  p_y
   36   2   1   0       1.82052847  p_z
   36   2   1   1       1.80937974  p_x
   37   1   0   0       1.98758236  s
   37   2   1  -1       1.97274430  p_y
   37   2   1   0       1.78325670  p_z
   37   2   1   1       1.78379436  p_x
   38   1   0   0       1.98946687  s
   38   2   1  -1       1.95688820  p_y
   38   2   1   0       1.80686120  p_z
   38   2   1   1       1.79262266  p_x
   39   1   0   0       0.13045326  s

Fermi level:                        -0.1179115676 H           -3.2085 eV
Band energy:                       -57.1247812652 H        -1554.4444 eV
TS:                                  0.0000000180 H            0.0000 eV
Band free energy (E-TS):           -57.1247812833 H        -1554.4444 eV
Extrapolated E(0K):                -57.1247812743 H        -1554.4444 eV
Input / Output electrons (q):    207.0000000000    207.0000000000

Energy H0:                         -84.7101205623 H        -2305.0797 eV
Energy SCC:                          0.2712170022 H            7.3802 eV
Total Electronic energy:           -84.4389035601 H        -2297.6995 eV
Repulsive energy:                    0.0000000000 H            0.0000 eV
Total energy:                      -84.4389035601 H        -2297.6995 eV
Extrapolated to 0:                 -84.4389035692 H        -2297.6995 eV
Total Mermin free energy:          -84.4389035782 H        -2297.6995 eV
Force related energy:              -84.4389035782 H        -2297.6995 eV

SCC converged


