# Reference      Predicted      Error          
0.00676         0.01028         0.00352        
0.00103         0.01021         0.00918        
0.00473         0.01047         0.00574        
0.00833         0.00983         0.00150        
-0.00047        0.00685         0.00733        
-0.00462        0.00421         0.00883        
0.00659         0.01443         0.00784        
0.00999         0.01320         0.00320        
0.00817         0.00849         0.00032        
0.00372         -0.00088        0.00460        
-0.01330        -0.01254        0.00076        
0.01126         0.01647         0.00521        
0.00977         0.02451         0.01475        
0.00875         0.03498         0.02623        
0.00287         0.03038         0.02751        
-0.00883        0.02607         0.03490        
-0.00313        -0.00033        0.00280        
-0.01776        -0.01111        0.00665        
-0.01384        -0.01404        0.00020        
-0.00570        0.00785         0.01355        
-0.02374        0.02804         0.05178        
0.00975         0.01299         0.00324        
0.01643         0.01211         0.00432        
0.01807         0.00912         0.00894        
0.00637         0.00530         0.00107        
-0.01807        -0.00099        0.01708        
0.00212         0.01089         0.00877        
-0.00069        0.01098         0.01168        
-0.00605        0.00416         0.01021        
-0.01029        -0.01156        0.00127        
-0.01279        -0.02458        0.01179        
0.00373         0.00734         0.00361        
-0.00260        0.00934         0.01194        
-0.00772        0.01113         0.01885        
-0.00620        0.01489         0.02108        
-0.00898        0.01184         0.02082        
-0.00817        -0.00926        0.00109        
0.00816         -0.01950        0.02765        
0.00775         -0.03942        0.04717        
-0.00302        -0.00723        0.00422        
-0.02542        -0.03686        0.01144        
-0.03183        -0.02389        0.00795        
0.00647         -0.02032        0.02679        
-0.03804        -0.02480        0.01324        
-0.00583        -0.00805        0.00221        
0.00245         0.00646         0.00401        
0.00181         -0.01172        0.01353        
-0.00270        0.00222         0.00492        
-0.01823        0.00291         0.02114        
-0.00654        -0.00829        0.00175        
-0.00302        0.04595         0.04897        
-0.00066        -0.00066        0.00001        
-0.00610        0.03833         0.04443        
0.00138         -0.00632        0.00770        
-0.02753        -0.05646        0.02893        
-0.00375        -0.03720        0.03345        
0.00682         -0.05633        0.06315        
0.02026         -0.03572        0.05598        
-0.01237        0.00426         0.01663        
0.02328         0.04553         0.02225        
-0.00329        0.04027         0.04356        
0.00189         0.03028         0.02840        
0.02426         -0.00703        0.03128        
0.01059         -0.02550        0.03609        
-0.00798        -0.03878        0.03081        
-0.01015        -0.00991        0.00025        
-0.00707        0.01167         0.01874        
-0.00003        -0.03864        0.03861        
0.02018         0.02447         0.00429        
0.00012         -0.06043        0.06055        
0.00005         0.09430         0.09426        
0.00069         -0.02958        0.03027        
-0.00908        -0.00629        0.00279        
-0.00072        -0.01514        0.01442        
0.04147         -0.04441        0.08588        
0.00330         0.07005         0.06674        
-0.00363        0.06908         0.07271        
-0.00181        0.08127         0.08308        
-0.01001        0.07818         0.08819        
-0.00971        0.06916         0.07887        
-0.00314        0.07752         0.08066        
-0.00153        0.07975         0.08128        
-0.00720        0.07803         0.08524        
0.02077         0.00114         0.01962        
0.01361         0.00369         0.00993        
-0.00267        0.02110         0.02376        
-0.02400        0.01505         0.03904        
0.00510         0.03897         0.03387        
0.06714         -0.03577        0.10291        
-0.02486        0.02651         0.05137        
0.00635         0.02797         0.02162        
0.06634         0.01355         0.05279        
-0.00466        0.01588         0.02054        
0.00731         -0.11666        0.12397        
0.00586         -0.11260        0.11846        
-0.00435        -0.11536        0.11102        
0.00800         -0.11036        0.11836        
-0.01629        -0.04262        0.02633        
-0.01340        -0.05558        0.04217        
-0.03313        -0.04734        0.01421        
0.02602         0.06468         0.03866        
0.00931         0.07481         0.06551        
-0.00273        0.05804         0.06077        
-0.00202        0.06764         0.06966        
-0.01093        0.05982         0.07075        
-0.00080        0.06016         0.06096        
-0.00279        0.05932         0.06210        
-0.00362        0.06133         0.06495        
0.00166         -0.01787        0.01953        
0.00991         -0.01636        0.02627        
0.01543         0.01251         0.00292        
-0.02783        -0.00771        0.02013        
-0.01564        0.02293         0.03857        
0.04967         -0.06784        0.11751        
-0.04421        0.00260         0.04681        
-0.00936        0.02950         0.03886        
-0.01239        -0.00620        0.00618        
-0.05194        0.00259         0.05452        
0.01467         -0.09799        0.11266        
0.01537         -0.09779        0.11316        
0.01359         -0.10026        0.11385        
0.02576         -0.09667        0.12243        
0.01860         -0.04771        0.06631        
-0.01455        -0.05052        0.03597        
-0.01917        -0.04069        0.02152        
0.02059         0.07334         0.05275        
0.04896         0.06519         0.01622        
-0.00820        0.04340         0.05160        
-0.00817        0.04379         0.05196        
-0.02409        0.04471         0.06880        
-0.00909        0.04540         0.05449        
-0.00820        0.04442         0.05261        
-0.00624        0.04468         0.05092        
0.00950         -0.01916        0.02866        
0.01445         -0.02480        0.03925        
0.03034         0.00779         0.02256        
-0.02058        -0.02763        0.00705        
-0.00594        0.00344         0.00938        
0.01927         -0.05168        0.07096        
-0.02673        -0.01870        0.00802        
-0.01901        0.04473         0.06374        
0.00024         -0.02460        0.02483        
0.02046         0.01239         0.00807        
-0.01314        -0.06707        0.05393        
0.00047         -0.07053        0.07100        
-0.01967        -0.07676        0.05709        
0.00517         -0.07059        0.07577        
0.00605         -0.01757        0.02362        
-0.01238        -0.02906        0.01668        
-0.01070        -0.01405        0.00335        
0.02645         0.05255         0.02610        
0.03666         0.05482         0.01816        
-0.01045        0.02016         0.03061        
-0.01416        0.02119         0.03535        
-0.01431        0.01947         0.03378        
-0.02518        0.02080         0.04598        
-0.00969        0.01811         0.02781        
-0.01658        0.01998         0.03656        
-0.01221        -0.01596        0.00375        
0.03840         -0.02771        0.06611        
0.00223         -0.01262        0.01486        
-0.01432        -0.02341        0.00909        
0.05318         -0.00068        0.05386        
0.03043         -0.01831        0.04874        
0.00584         -0.02819        0.03403        
-0.01181        0.04186         0.05367        
-0.02526        -0.01896        0.00630        
-0.01405        0.01572         0.02976        
-0.00810        -0.03677        0.02867        
-0.00879        -0.04799        0.03920        
-0.00896        -0.04624        0.03728        
-0.00481        -0.04428        0.03947        
0.00538         0.01078         0.00540        
-0.00034        -0.02040        0.02007        
0.03633         0.02513         0.01121        
0.03489         0.04199         0.00710        
0.02159         0.04602         0.02443        
-0.01846        0.01858         0.03704        
-0.01424        0.01976         0.03400        
-0.00035        0.01383         0.01418        
-0.00658        0.01740         0.02398        
-0.01119        0.01847         0.02966        
-0.00966        0.01669         0.02635        
0.02533         -0.02286        0.04819        
0.00724         -0.03951        0.04675        
0.00851         -0.01520        0.02371        
-0.00908        -0.03646        0.02739        
0.03032         0.00538         0.02494        
0.08283         0.00102         0.08181        
0.00232         -0.02452        0.02684        
-0.02041        0.03745         0.05786        
0.00406         -0.01649        0.02055        
-0.00691        0.01436         0.02127        
-0.01902        -0.00187        0.01715        
0.00965         -0.00618        0.01583        
-0.00175        0.00083         0.00258        
0.00366         0.00137         0.00229        
-0.02238        0.04834         0.07072        
0.03442         -0.01166        0.04608        
0.01385         0.05870         0.04485        
-0.01433        0.00782         0.02216        
-0.03123        0.00978         0.04102        
0.01058         -0.01140        0.02198        
0.02181         -0.01247        0.03427        
0.00390         -0.01206        0.01597        
0.00892         -0.01101        0.01993        
0.00575         -0.01509        0.02084        
0.02680         -0.01575        0.04256        
-0.00611        -0.02305        0.01694        
-0.03169        -0.05467        0.02298        
-0.01095        -0.03750        0.02655        
0.04326         -0.03197        0.07523        
0.04563         -0.00384        0.04947        
0.06604         -0.00733        0.07337        
-0.02078        -0.00934        0.01144        
0.00700         0.01481         0.00781        
-0.04368        -0.02362        0.02006        
-0.04571        0.02350         0.06921        
-0.02152        0.01182         0.03334        
-0.01602        0.01569         0.03171        
-0.01726        0.01741         0.03467        
-0.00970        0.01699         0.02669        
0.03363         0.10953         0.07590        
0.01987         0.00084         0.01903        
0.01781         0.09194         0.07413        
-1.24915        -1.23093        0.01822        
-0.25379        -0.27608        0.02229        
0.12277         -0.08788        0.21066        
0.13345         -0.04100        0.17445        
0.07016         -0.04332        0.11348        
0.05668         -0.05097        0.10766        
-1.25753        -1.17584        0.08169        
-0.28073        -0.26023        0.02049        
0.06639         -0.08874        0.15513        
0.06806         -0.04468        0.11274        
0.02095         -0.04566        0.06661        
0.02000         -0.05109        0.07109        
-1.11330        -1.04590        0.06740        
-0.22233        -0.24483        0.02249        
0.09234         -0.08930        0.18163        
0.08021         -0.04690        0.12712        
0.02140         -0.04706        0.06846        
0.01514         -0.05171        0.06686        
-1.84294        -1.99031        0.14737        
-0.48167        -0.42426        0.05741        
0.06971         -0.10373        0.17344        
0.11502         -0.03608        0.15110        
0.03720         -0.03356        0.07076        
0.00779         -0.03868        0.04646        
-0.98063        -0.88389        0.09674        
-0.14938        -0.18059        0.03121        
0.11448         -0.04645        0.16093        
0.07673         -0.01249        0.08923        
0.02159         -0.01930        0.04089        
0.00294         -0.03102        0.03396        
-1.47114        -0.07253        1.39861        
0.01992         -0.07213        0.09205        
-0.02770        -0.06909        0.04140        
-0.01016        -0.06778        0.05762        
0.01894         -0.06229        0.08124        
-2.92725        -2.92725        0.00000        
-0.99654        -0.90543        0.09111        
-0.11133        -0.18255        0.07122        
0.06852         -0.07058        0.13909        
-0.03188        -0.05869        0.02681        
-0.09594        -0.07029        0.02565        
-0.34782        -0.05755        0.29028        
0.03374         -0.05566        0.08940        
0.00258         -0.04933        0.05191        
0.05617         -0.04691        0.10308        
0.13366         -0.04159        0.17525        
0.01688         -0.04970        0.06658        
-0.57684        0.00888         0.58572        
0.62277         -0.01070        0.63347        
0.01509         -0.04494        0.06003        
-0.17708        -0.08534        0.09175        
-0.36029        -0.12027        0.24002        
-0.47253        -0.15034        0.32220        
0.54290         0.03461         0.50829        
0.01092         -0.04248        0.05340        
-0.37559        -0.16518        0.21041        
-0.47353        -0.18617        0.28736        
-0.53057        -0.14975        0.38082        
-0.42386        -0.13721        0.28665        
0.53886         0.03469         0.50417        
0.11068         0.01737         0.09331        
-0.04332        -0.01810        0.02522        
-0.22393        -0.06491        0.15902        
-0.35374        -0.10397        0.24977        
-0.42772        -0.13016        0.29755        
# MSE = 1.70030E-02
# Maxerror = 1.39861E+00
