|===============================================================================
|
|  DFTB+ release 21.1
|
|  Copyright (C) 2006 - 2021  DFTB+ developers group
|
|===============================================================================
|
|  When publishing results obtained with DFTB+, please cite the following
|  reference:
|
|  * DFTB+, a software package for efficient approximate density functional
|    theory based atomistic simulations, J. Chem. Phys. 152, 124101 (2020).
|    [doi: 10.1063/1.5143190]
|
|  You should also cite additional publications crediting the parametrization
|  data you use. Please consult the documentation of the SK-files for the
|  references.
|
|===============================================================================

Reading input file 'dftb_in.hsd'
Parser version: 9

--------------------------------------------------------------------------------
Reading SK-files:
Done.


Processed input in HSD format written to 'dftb_pin.hsd'

Starting initialization...
--------------------------------------------------------------------------------
OpenMP threads:              8
Chosen random seed:          1697576235
Mode:                        Static calculation
Self consistent charges:     Yes
SCC-tolerance:                 0.100000E-05
Max. scc iterations:                   1500
Shell resolved Hubbard:      Yes
Spin polarisation:           No
Nr. of up electrons:           103.500000
Nr. of down electrons:         103.500000
Periodic boundaries:         Yes
Electronic solver:           Relatively robust
Mixer:                       Broyden mixer
Mixing parameter:                  0.200000
Maximal SCC-cycles:                    1500
Nr. of chrg. vec. in memory:              0
Electronic temperature:        0.633363E-04 H      0.172347E-02 eV
Initial charges:             Set automatically (system chrg:   0.000E+00)
Included shells:            Cs:  s
                            Pb:  s, p
                            Br:  s, p
K-points and weights:           1:  0.000000  0.000000  0.000000     0.125000
                                2:  0.000000  0.000000  0.500000     0.125000
                                3:  0.000000  0.500000  0.000000     0.125000
                                4:  0.000000  0.500000  0.500000     0.125000
                                5:  0.500000  0.000000  0.000000     0.125000
                                6:  0.500000  0.000000  0.500000     0.125000
                                7:  0.500000  0.500000  0.000000     0.125000
                                8:  0.500000  0.500000  0.500000     0.125000

K-points in absolute space:     1:  0.000000  0.000000  0.000000
                                2: -0.015712  0.000000  0.016377
                                3:  0.000000  0.022492  0.000000
                                4: -0.015712  0.022492  0.016377
                                5:  0.015712  0.000000  0.016377
                                6:  0.000000  0.000000  0.032754
                                7:  0.015712  0.022492  0.016377
                                8:  0.000000  0.022492  0.032754

Extra options:
                             Mulliken analysis

--------------------------------------------------------------------------------

***  Geometry step: 0

 iSCC Total electronic   Diff electronic      SCC error    
    1    0.00000000E+00    0.00000000E+00    0.12319815E+01
    2   -0.84366424E+02   -0.84366424E+02    0.92015015E+00
    3   -0.84395911E+02   -0.29486958E-01    0.12712402E+00
    4   -0.84438084E+02   -0.42172504E-01    0.97943598E-01
    5   -0.84438638E+02   -0.55409087E-03    0.15733288E-01
    6   -0.84438789E+02   -0.15064503E-03    0.12267139E-01
    7   -0.84438881E+02   -0.92488021E-04    0.45083059E-02
    8   -0.84438902E+02   -0.20882328E-04    0.81052625E-03
    9   -0.84438904E+02   -0.14496166E-05    0.55222697E-03
   10   -0.84438904E+02   -0.37817060E-07    0.79033732E-04
   11   -0.84438904E+02   -0.12668607E-07    0.25170164E-04
   12   -0.84438904E+02   -0.30955505E-09    0.12598605E-04
   13   -0.84438904E+02   -0.12775558E-10    0.50637159E-05
   14   -0.84438904E+02   -0.26901148E-10    0.14334164E-05
   15   -0.84438904E+02   -0.39364068E-11    0.17123980E-06
>> Charges saved for restart in charges.bin

Total Energy:                      -84.4389035601 H        -2297.6995 eV
Extrapolated to 0K:                -84.4389035692 H        -2297.6995 eV
Total Mermin free energy:          -84.4389035782 H        -2297.6995 eV
Force related energy:              -84.4389035782 H        -2297.6995 eV


--------------------------------------------------------------------------------
DFTB+ running times                          cpu [s]             wall clock [s]
--------------------------------------------------------------------------------
Pre-SCC initialisation                 +     0.16  (  1.8%)      0.03  (  2.3%)
SCC                                    +     8.78  ( 98.0%)      1.35  ( 97.4%)
Post-geometry optimisation             +     0.02  (  0.2%)      0.00  (  0.2%)
--------------------------------------------------------------------------------
Missing                                +     0.00  (  0.0%)      0.00  (  0.1%)
Total                                  =     8.96  (100.0%)      1.39  (100.0%)
--------------------------------------------------------------------------------
